This is pdfTeX, Version 3.141592653-2.6-1.40.28 (TeX Live 2025) (preloaded format=pdflatex 2026.2.19)  11 JUN 2026 12:39
entering extended mode
 restricted \write18 enabled.
 %&-line parsing enabled.
**bookdownproj.tex
(./bookdownproj.tex
LaTeX2e <2025-11-01>
L3 programming layer <2026-01-19>
(/Users/manoelgaldino/Library/TinyTeX/texmf-dist/tex/latex/base/article.cls
Document Class: article 2025/01/22 v1.4n Standard LaTeX document class
(/Users/manoelgaldino/Library/TinyTeX/texmf-dist/tex/latex/base/size10.clo
File: size10.clo 2025/01/22 v1.4n Standard LaTeX file (size option)
)
\c@part=\count275
\c@section=\count276
\c@subsection=\count277
\c@subsubsection=\count278
\c@paragraph=\count279
\c@subparagraph=\count280
\c@figure=\count281
\c@table=\count282
\abovecaptionskip=\skip49
\belowcaptionskip=\skip50
\bibindent=\dimen148
) (/Users/manoelgaldino/Library/TinyTeX/texmf-dist/tex/latex/xcolor/xcolor.sty
Package: xcolor 2024/09/29 v3.02 LaTeX color extensions (UK)
(/Users/manoelgaldino/Library/TinyTeX/texmf-dist/tex/latex/graphics-cfg/color.cfg
File: color.cfg 2016/01/02 v1.6 sample color configuration
)
Package xcolor Info: Driver file: pdftex.def on input line 274.
(/Users/manoelgaldino/Library/TinyTeX/texmf-dist/tex/latex/graphics-def/pdftex.def
File: pdftex.def 2025/09/29 v1.2d Graphics/color driver for pdftex
) (/Users/manoelgaldino/Library/TinyTeX/texmf-dist/tex/latex/graphics/mathcolor.ltx)
Package xcolor Info: Model `cmy' substituted by `cmy0' on input line 1349.
Package xcolor Info: Model `hsb' substituted by `rgb' on input line 1353.
Package xcolor Info: Model `RGB' extended on input line 1365.
Package xcolor Info: Model `HTML' substituted by `rgb' on input line 1367.
Package xcolor Info: Model `Hsb' substituted by `hsb' on input line 1368.
Package xcolor Info: Model `tHsb' substituted by `hsb' on input line 1369.
Package xcolor Info: Model `HSB' substituted by `hsb' on input line 1370.
Package xcolor Info: Model `Gray' substituted by `gray' on input line 1371.
Package xcolor Info: Model `wave' substituted by `hsb' on input line 1372.
) (/Users/manoelgaldino/Library/TinyTeX/texmf-dist/tex/latex/geometry/geometry.sty
Package: geometry 2020/01/02 v5.9 Page Geometry
(/Users/manoelgaldino/Library/TinyTeX/texmf-dist/tex/latex/graphics/keyval.sty
Package: keyval 2022/05/29 v1.15 key=value parser (DPC)
\KV@toks@=\toks17
) (/Users/manoelgaldino/Library/TinyTeX/texmf-dist/tex/generic/iftex/ifvtex.sty
Package: ifvtex 2019/10/25 v1.7 ifvtex legacy package. Use iftex instead.
(/Users/manoelgaldino/Library/TinyTeX/texmf-dist/tex/generic/iftex/iftex.sty
Package: iftex 2024/12/12 v1.0g TeX engine tests
))
\Gm@cnth=\count283
\Gm@cntv=\count284
\c@Gm@tempcnt=\count285
\Gm@bindingoffset=\dimen149
\Gm@wd@mp=\dimen150
\Gm@odd@mp=\dimen151
\Gm@even@mp=\dimen152
\Gm@layoutwidth=\dimen153
\Gm@layoutheight=\dimen154
\Gm@layouthoffset=\dimen155
\Gm@layoutvoffset=\dimen156
\Gm@dimlist=\toks18
) (/Users/manoelgaldino/Library/TinyTeX/texmf-dist/tex/latex/amsmath/amsmath.sty
Package: amsmath 2025/07/09 v2.17z AMS math features
\@mathmargin=\skip51
For additional information on amsmath, use the `?' option.
(/Users/manoelgaldino/Library/TinyTeX/texmf-dist/tex/latex/amsmath/amstext.sty
Package: amstext 2024/11/17 v2.01 AMS text
(/Users/manoelgaldino/Library/TinyTeX/texmf-dist/tex/latex/amsmath/amsgen.sty
File: amsgen.sty 1999/11/30 v2.0 generic functions
\@emptytoks=\toks19
\ex@=\dimen157
)) (/Users/manoelgaldino/Library/TinyTeX/texmf-dist/tex/latex/amsmath/amsbsy.sty
Package: amsbsy 1999/11/29 v1.2d Bold Symbols
\pmbraise@=\dimen158
) (/Users/manoelgaldino/Library/TinyTeX/texmf-dist/tex/latex/amsmath/amsopn.sty
Package: amsopn 2022/04/08 v2.04 operator names
)
\inf@bad=\count286
LaTeX Info: Redefining \frac on input line 233.
\uproot@=\count287
\leftroot@=\count288
LaTeX Info: Redefining \overline on input line 398.
LaTeX Info: Redefining \colon on input line 409.
\classnum@=\count289
\DOTSCASE@=\count290
LaTeX Info: Redefining \ldots on input line 495.
LaTeX Info: Redefining \dots on input line 498.
LaTeX Info: Redefining \cdots on input line 619.
\Mathstrutbox@=\box53
\strutbox@=\box54
LaTeX Info: Redefining \big on input line 721.
LaTeX Info: Redefining \Big on input line 722.
LaTeX Info: Redefining \bigg on input line 723.
LaTeX Info: Redefining \Bigg on input line 724.
\big@size=\dimen159
LaTeX Font Info:    Redeclaring font encoding OML on input line 742.
LaTeX Font Info:    Redeclaring font encoding OMS on input line 743.
\macc@depth=\count291
LaTeX Info: Redefining \bmod on input line 904.
LaTeX Info: Redefining \pmod on input line 909.
LaTeX Info: Redefining \smash on input line 939.
LaTeX Info: Redefining \relbar on input line 969.
LaTeX Info: Redefining \Relbar on input line 970.
\c@MaxMatrixCols=\count292
\dotsspace@=\muskip17
\c@parentequation=\count293
\dspbrk@lvl=\count294
\tag@help=\toks20
\row@=\count295
\column@=\count296
\maxfields@=\count297
\andhelp@=\toks21
\eqnshift@=\dimen160
\alignsep@=\dimen161
\tagshift@=\dimen162
\tagwidth@=\dimen163
\totwidth@=\dimen164
\lineht@=\dimen165
\@envbody=\toks22
\multlinegap=\skip52
\multlinetaggap=\skip53
\mathdisplay@stack=\toks23
LaTeX Info: Redefining \[ on input line 2950.
LaTeX Info: Redefining \] on input line 2951.
) (/Users/manoelgaldino/Library/TinyTeX/texmf-dist/tex/latex/amsfonts/amssymb.sty
Package: amssymb 2013/01/14 v3.01 AMS font symbols
(/Users/manoelgaldino/Library/TinyTeX/texmf-dist/tex/latex/amsfonts/amsfonts.sty
Package: amsfonts 2013/01/14 v3.01 Basic AMSFonts support
\symAMSa=\mathgroup4
\symAMSb=\mathgroup5
LaTeX Font Info:    Redeclaring math symbol \hbar on input line 98.
LaTeX Font Info:    Overwriting math alphabet `\mathfrak' in version `bold'
(Font)                  U/euf/m/n --> U/euf/b/n on input line 106.
)) (/Users/manoelgaldino/Library/TinyTeX/texmf-dist/tex/latex/base/fontenc.sty
Package: fontenc 2025/07/18 v2.1d Standard LaTeX package
) (/Users/manoelgaldino/Library/TinyTeX/texmf-dist/tex/latex/base/inputenc.sty
Package: inputenc 2024/02/08 v1.3d Input encoding file
\inpenc@prehook=\toks24
\inpenc@posthook=\toks25
) (/Users/manoelgaldino/Library/TinyTeX/texmf-dist/tex/latex/base/textcomp.sty
Package: textcomp 2024/04/24 v2.1b Standard LaTeX package
) (/Users/manoelgaldino/Library/TinyTeX/texmf-dist/tex/latex/lm/lmodern.sty
Package: lmodern 2015/05/01 v1.6.1 Latin Modern Fonts
LaTeX Font Info:    Overwriting symbol font `operators' in version `normal'
(Font)                  OT1/cmr/m/n --> OT1/lmr/m/n on input line 22.
LaTeX Font Info:    Overwriting symbol font `letters' in version `normal'
(Font)                  OML/cmm/m/it --> OML/lmm/m/it on input line 23.
LaTeX Font Info:    Overwriting symbol font `symbols' in version `normal'
(Font)                  OMS/cmsy/m/n --> OMS/lmsy/m/n on input line 24.
LaTeX Font Info:    Overwriting symbol font `largesymbols' in version `normal'
(Font)                  OMX/cmex/m/n --> OMX/lmex/m/n on input line 25.
LaTeX Font Info:    Overwriting symbol font `operators' in version `bold'
(Font)                  OT1/cmr/bx/n --> OT1/lmr/bx/n on input line 26.
LaTeX Font Info:    Overwriting symbol font `letters' in version `bold'
(Font)                  OML/cmm/b/it --> OML/lmm/b/it on input line 27.
LaTeX Font Info:    Overwriting symbol font `symbols' in version `bold'
(Font)                  OMS/cmsy/b/n --> OMS/lmsy/b/n on input line 28.
LaTeX Font Info:    Overwriting symbol font `largesymbols' in version `bold'
(Font)                  OMX/cmex/m/n --> OMX/lmex/m/n on input line 29.
LaTeX Font Info:    Overwriting math alphabet `\mathbf' in version `normal'
(Font)                  OT1/cmr/bx/n --> OT1/lmr/bx/n on input line 31.
LaTeX Font Info:    Overwriting math alphabet `\mathsf' in version `normal'
(Font)                  OT1/cmss/m/n --> OT1/lmss/m/n on input line 32.
LaTeX Font Info:    Overwriting math alphabet `\mathit' in version `normal'
(Font)                  OT1/cmr/m/it --> OT1/lmr/m/it on input line 33.
LaTeX Font Info:    Overwriting math alphabet `\mathtt' in version `normal'
(Font)                  OT1/cmtt/m/n --> OT1/lmtt/m/n on input line 34.
LaTeX Font Info:    Overwriting math alphabet `\mathbf' in version `bold'
(Font)                  OT1/cmr/bx/n --> OT1/lmr/bx/n on input line 35.
LaTeX Font Info:    Overwriting math alphabet `\mathsf' in version `bold'
(Font)                  OT1/cmss/bx/n --> OT1/lmss/bx/n on input line 36.
LaTeX Font Info:    Overwriting math alphabet `\mathit' in version `bold'
(Font)                  OT1/cmr/bx/it --> OT1/lmr/bx/it on input line 37.
LaTeX Font Info:    Overwriting math alphabet `\mathtt' in version `bold'
(Font)                  OT1/cmtt/m/n --> OT1/lmtt/m/n on input line 38.
) (/Users/manoelgaldino/Library/TinyTeX/texmf-dist/tex/latex/parskip/parskip.sty
Package: parskip 2021-03-14 v2.0h non-zero parskip adjustments
(/Users/manoelgaldino/Library/TinyTeX/texmf-dist/tex/latex/kvoptions/kvoptions.sty
Package: kvoptions 2022-06-15 v3.15 Key value format for package options (HO)
(/Users/manoelgaldino/Library/TinyTeX/texmf-dist/tex/generic/ltxcmds/ltxcmds.sty
Package: ltxcmds 2023-12-04 v1.26 LaTeX kernel commands for general use (HO)
) (/Users/manoelgaldino/Library/TinyTeX/texmf-dist/tex/latex/kvsetkeys/kvsetkeys.sty
Package: kvsetkeys 2022-10-05 v1.19 Key value parser (HO)
)) (/Users/manoelgaldino/Library/TinyTeX/texmf-dist/tex/latex/etoolbox/etoolbox.sty
Package: etoolbox 2025/10/02 v2.5m e-TeX tools for LaTeX (JAW)
\etb@tempcnta=\count298
)) (/Users/manoelgaldino/Library/TinyTeX/texmf-dist/tex/latex/fancyvrb/fancyvrb.sty
Package: fancyvrb 2025/07/28 4.6 verbatim text (tvz,hv)
\FV@CodeLineNo=\count299
\FV@InFile=\read2
\FV@TabBox=\box55
\c@FancyVerbLine=\count300
\FV@StepNumber=\count301
\FV@OutFile=\write3
) (/Users/manoelgaldino/Library/TinyTeX/texmf-dist/tex/latex/framed/framed.sty
Package: framed 2011/10/22 v 0.96: framed or shaded text with page breaks
\OuterFrameSep=\skip54
\fb@frw=\dimen166
\fb@frh=\dimen167
\FrameRule=\dimen168
\FrameSep=\dimen169
) (/Users/manoelgaldino/Library/TinyTeX/texmf-dist/tex/latex/tools/longtable.sty
Package: longtable 2025-10-13 v4.24 Multi-page Table package (DPC)
\LTleft=\skip55
\LTright=\skip56
\LTpre=\skip57
\LTpost=\skip58
\LTchunksize=\count302
\LTcapwidth=\dimen170
\LT@head=\box56
\LT@firsthead=\box57
\LT@foot=\box58
\LT@lastfoot=\box59
\LT@gbox=\box60
\LT@cols=\count303
\LT@rows=\count304
\c@LT@tables=\count305
\c@LT@chunks=\count306
\LT@p@ftn=\toks26
) (/Users/manoelgaldino/Library/TinyTeX/texmf-dist/tex/latex/booktabs/booktabs.sty
Package: booktabs 2020/01/12 v1.61803398 Publication quality tables
\heavyrulewidth=\dimen171
\lightrulewidth=\dimen172
\cmidrulewidth=\dimen173
\belowrulesep=\dimen174
\belowbottomsep=\dimen175
\aboverulesep=\dimen176
\abovetopsep=\dimen177
\cmidrulesep=\dimen178
\cmidrulekern=\dimen179
\defaultaddspace=\dimen180
\@cmidla=\count307
\@cmidlb=\count308
\@aboverulesep=\dimen181
\@belowrulesep=\dimen182
\@thisruleclass=\count309
\@lastruleclass=\count310
\@thisrulewidth=\dimen183
) (/Users/manoelgaldino/Library/TinyTeX/texmf-dist/tex/latex/tools/array.sty
Package: array 2025/09/25 v2.6n Tabular extension package (FMi)
\col@sep=\dimen184
\ar@mcellbox=\box61
\extrarowheight=\dimen185
\NC@list=\toks27
\extratabsurround=\skip59
\backup@length=\skip60
\ar@cellbox=\box62
) (/Users/manoelgaldino/Library/TinyTeX/texmf-dist/tex/latex/tools/calc.sty
Package: calc 2025/03/01 v4.3b Infix arithmetic (KKT,FJ)
\calc@Acount=\count311
\calc@Bcount=\count312
\calc@Adimen=\dimen186
\calc@Bdimen=\dimen187
\calc@Askip=\skip61
\calc@Bskip=\skip62
LaTeX Info: Redefining \setlength on input line 86.
LaTeX Info: Redefining \addtolength on input line 87.
\calc@Ccount=\count313
\calc@Cskip=\skip63
) (/Users/manoelgaldino/Library/TinyTeX/texmf-dist/tex/latex/mdwtools/footnote.sty
Package: footnote 1997/01/28 1.13 Save footnotes around boxes
\fn@notes=\box63
\fn@width=\dimen188
) (/Users/manoelgaldino/Library/TinyTeX/texmf-dist/tex/latex/graphics/graphicx.sty
Package: graphicx 2024/12/31 v1.2e Enhanced LaTeX Graphics (DPC,SPQR)
(/Users/manoelgaldino/Library/TinyTeX/texmf-dist/tex/latex/graphics/graphics.sty
Package: graphics 2024/08/06 v1.4g Standard LaTeX Graphics (DPC,SPQR)
(/Users/manoelgaldino/Library/TinyTeX/texmf-dist/tex/latex/graphics/trig.sty
Package: trig 2023/12/02 v1.11 sin cos tan (DPC)
) (/Users/manoelgaldino/Library/TinyTeX/texmf-dist/tex/latex/graphics-cfg/graphics.cfg
File: graphics.cfg 2016/06/04 v1.11 sample graphics configuration
)
Package graphics Info: Driver file: pdftex.def on input line 106.
)
\Gin@req@height=\dimen189
\Gin@req@width=\dimen190
)
\pandoc@box=\box64
\cslhangindent=\skip64
\csllabelwidth=\skip65
(/Users/manoelgaldino/Library/TinyTeX/texmf-dist/tex/latex/multirow/multirow.sty
Package: multirow 2024/11/12 v2.9 Span multiple rows of a table
\multirow@colwidth=\skip66
\multirow@cntb=\count314
\multirow@dima=\skip67
\bigstrutjot=\dimen191
) (/Users/manoelgaldino/Library/TinyTeX/texmf-dist/tex/latex/wrapfig/wrapfig.sty
\wrapoverhang=\dimen192
\WF@size=\dimen193
\c@WF@wrappedlines=\count315
\WF@box=\box65
\WF@everypar=\toks28
Package: wrapfig 2003/01/31  v 3.6
) (/Users/manoelgaldino/Library/TinyTeX/texmf-dist/tex/latex/float/float.sty
Package: float 2001/11/08 v1.3d Float enhancements (AL)
\c@float@type=\count316
\float@exts=\toks29
\float@box=\box66
\@float@everytoks=\toks30
\@floatcapt=\box67
) (/Users/manoelgaldino/Library/TinyTeX/texmf-dist/tex/latex/colortbl/colortbl.sty
Package: colortbl 2024/10/29 v1.0k Color table columns (DPC)
\everycr=\toks31
\minrowclearance=\skip68
\rownum=\count317
) (/Users/manoelgaldino/Library/TinyTeX/texmf-dist/tex/latex/pdflscape/pdflscape.sty
Package: pdflscape 2025-06-23 v0.14 Display of landscape pages in PDF
(/Users/manoelgaldino/Library/TinyTeX/texmf-dist/tex/latex/pdflscape/pdflscape-nometadata.sty
Package: pdflscape-nometadata 2025-06-23 v0.14 Display of landscape pages in PDF (HO)
(/Users/manoelgaldino/Library/TinyTeX/texmf-dist/tex/latex/graphics/lscape.sty
Package: lscape 2020/05/28 v3.02 Landscape Pages (DPC)
)
Package pdflscape Info: Auto-detected driver: pdftex on input line 81.
)) (/Users/manoelgaldino/Library/TinyTeX/texmf-dist/tex/latex/tabu/tabu.sty
Package: tabu 2019/01/11 v2.9 - flexible LaTeX tabulars (FC+tabu-fixed)
(/Users/manoelgaldino/Library/TinyTeX/texmf-dist/tex/latex/varwidth/varwidth.sty
Package: varwidth 2009/03/30 ver 0.92;  Variable-width minipages
\@vwid@box=\box68
\sift@deathcycles=\count318
\@vwid@loff=\dimen194
\@vwid@roff=\dimen195
)
==> First Aid for varwidth.sty applied!
\c@taburow=\count319
\tabu@nbcols=\count320
\tabu@cnt=\count321
\tabu@Xcol=\count322
\tabu@alloc=\count323
\tabu@nested=\count324
\tabu@target=\dimen196
\tabu@spreadtarget=\dimen197
\tabu@naturalX=\dimen198
\tabucolX=\dimen199
\tabu@Xsum=\dimen256
\extrarowdepth=\dimen257
\abovetabulinesep=\dimen258
\belowtabulinesep=\dimen259
\tabustrutrule=\dimen260
\tabu@thebody=\toks32
\tabu@footnotes=\toks33
\tabu@box=\box69
\tabu@arstrutbox=\box70
\tabu@hleads=\box71
\tabu@vleads=\box72
\tabu@cellskip=\skip69
) (/Users/manoelgaldino/Library/TinyTeX/texmf-dist/tex/latex/threeparttable/threeparttable.sty
Package: threeparttable 2003/06/13  v 3.0
\@tempboxb=\box73
) (/Users/manoelgaldino/Library/TinyTeX/texmf-dist/tex/latex/threeparttablex/threeparttablex.sty
Package: threeparttablex 2013/07/23 v0.3 by daleif
(/Users/manoelgaldino/Library/TinyTeX/texmf-dist/tex/latex/environ/environ.sty
Package: environ 2014/05/04 v0.3 A new way to define environments
(/Users/manoelgaldino/Library/TinyTeX/texmf-dist/tex/latex/trimspaces/trimspaces.sty
Package: trimspaces 2009/09/17 v1.1 Trim spaces around a token list
))
\TPTL@width=\skip70
) (/Users/manoelgaldino/Library/TinyTeX/texmf-dist/tex/generic/ulem/ulem.sty
\UL@box=\box74
\UL@hyphenbox=\box75
\UL@skip=\skip71
\UL@hook=\toks34
\UL@height=\dimen261
\UL@pe=\count325
\UL@pixel=\dimen262
\ULC@box=\box76
Package: ulem 2019/11/18
\ULdepth=\dimen263
) (/Users/manoelgaldino/Library/TinyTeX/texmf-dist/tex/latex/makecell/makecell.sty
Package: makecell 2009/08/03 V0.1e Managing of Tab Column Heads and Cells
\rotheadsize=\dimen264
\c@nlinenum=\count326
\TeXr@lab=\toks35
) (/Users/manoelgaldino/Library/TinyTeX/texmf-dist/tex/latex/bookmark/bookmark.sty
Package: bookmark 2023-12-10 v1.31 PDF bookmarks (HO)
(/Users/manoelgaldino/Library/TinyTeX/texmf-dist/tex/latex/hyperref/hyperref.sty
Package: hyperref 2026-01-29 v7.01p Hypertext links for LaTeX
(/Users/manoelgaldino/Library/TinyTeX/texmf-dist/tex/generic/kvdefinekeys/kvdefinekeys.sty
Package: kvdefinekeys 2019-12-19 v1.6 Define keys (HO)
) (/Users/manoelgaldino/Library/TinyTeX/texmf-dist/tex/generic/pdfescape/pdfescape.sty
Package: pdfescape 2019/12/09 v1.15 Implements pdfTeX's escape features (HO)
(/Users/manoelgaldino/Library/TinyTeX/texmf-dist/tex/generic/pdftexcmds/pdftexcmds.sty
Package: pdftexcmds 2020-06-27 v0.33 Utility functions of pdfTeX for LuaTeX (HO)
(/Users/manoelgaldino/Library/TinyTeX/texmf-dist/tex/generic/infwarerr/infwarerr.sty
Package: infwarerr 2019/12/03 v1.5 Providing info/warning/error messages (HO)
)
Package pdftexcmds Info: \pdf@primitive is available.
Package pdftexcmds Info: \pdf@ifprimitive is available.
Package pdftexcmds Info: \pdfdraftmode found.
)) (/Users/manoelgaldino/Library/TinyTeX/texmf-dist/tex/latex/hycolor/hycolor.sty
Package: hycolor 2020-01-27 v1.10 Color options for hyperref/bookmark (HO)
) (/Users/manoelgaldino/Library/TinyTeX/texmf-dist/tex/latex/hyperref/nameref.sty
Package: nameref 2026-01-29 v2.58 Cross-referencing by name of section
(/Users/manoelgaldino/Library/TinyTeX/texmf-dist/tex/latex/refcount/refcount.sty
Package: refcount 2019/12/15 v3.6 Data extraction from label references (HO)
) (/Users/manoelgaldino/Library/TinyTeX/texmf-dist/tex/generic/gettitlestring/gettitlestring.sty
Package: gettitlestring 2019/12/15 v1.6 Cleanup title references (HO)
)
\c@section@level=\count327
) (/Users/manoelgaldino/Library/TinyTeX/texmf-dist/tex/generic/stringenc/stringenc.sty
Package: stringenc 2019/11/29 v1.12 Convert strings between diff. encodings (HO)
)
\@linkdim=\dimen265
\Hy@linkcounter=\count328
\Hy@pagecounter=\count329
(/Users/manoelgaldino/Library/TinyTeX/texmf-dist/tex/latex/hyperref/pd1enc.def
File: pd1enc.def 2026-01-29 v7.01p Hyperref: PDFDocEncoding definition (HO)
Now handling font encoding PD1 ...
... no UTF-8 mapping file for font encoding PD1
) (/Users/manoelgaldino/Library/TinyTeX/texmf-dist/tex/generic/intcalc/intcalc.sty
Package: intcalc 2019/12/15 v1.3 Expandable calculations with integers (HO)
)
\Hy@SavedSpaceFactor=\count330
(/Users/manoelgaldino/Library/TinyTeX/texmf-dist/tex/latex/hyperref/puenc.def
File: puenc.def 2026-01-29 v7.01p Hyperref: PDF Unicode definition (HO)
Now handling font encoding PU ...
... no UTF-8 mapping file for font encoding PU
)
Package hyperref Info: Option `unicode' set `true' on input line 4072.
Package hyperref Info: Hyper figures OFF on input line 4201.
Package hyperref Info: Link nesting OFF on input line 4206.
Package hyperref Info: Hyper index ON on input line 4209.
Package hyperref Info: Plain pages OFF on input line 4216.
Package hyperref Info: Backreferencing OFF on input line 4221.
Package hyperref Info: Implicit mode ON; LaTeX internals redefined.
Package hyperref Info: Bookmarks ON on input line 4468.
\c@Hy@tempcnt=\count331
(/Users/manoelgaldino/Library/TinyTeX/texmf-dist/tex/latex/url/url.sty
\Urlmuskip=\muskip18
Package: url 2013/09/16  ver 3.4  Verb mode for urls, etc.
)
LaTeX Info: Redefining \url on input line 4807.
\XeTeXLinkMargin=\dimen266
(/Users/manoelgaldino/Library/TinyTeX/texmf-dist/tex/generic/bitset/bitset.sty
Package: bitset 2019/12/09 v1.3 Handle bit-vector datatype (HO)
(/Users/manoelgaldino/Library/TinyTeX/texmf-dist/tex/generic/bigintcalc/bigintcalc.sty
Package: bigintcalc 2019/12/15 v1.5 Expandable calculations on big integers (HO)
))
\Fld@menulength=\count332
\Field@Width=\dimen267
\Fld@charsize=\dimen268
Package hyperref Info: Hyper figures OFF on input line 6084.
Package hyperref Info: Link nesting OFF on input line 6089.
Package hyperref Info: Hyper index ON on input line 6092.
Package hyperref Info: backreferencing OFF on input line 6099.
Package hyperref Info: Link coloring OFF on input line 6104.
Package hyperref Info: Link coloring with OCG OFF on input line 6109.
Package hyperref Info: PDF/A mode OFF on input line 6114.
\Hy@abspage=\count333
\c@Item=\count334
\c@Hfootnote=\count335
)
Package hyperref Info: Driver (autodetected): hpdftex.
(/Users/manoelgaldino/Library/TinyTeX/texmf-dist/tex/latex/hyperref/hpdftex.def
File: hpdftex.def 2026-01-29 v7.01p Hyperref driver for pdfTeX
\Fld@listcount=\count336
\c@bookmark@seq@number=\count337
(/Users/manoelgaldino/Library/TinyTeX/texmf-dist/tex/latex/rerunfilecheck/rerunfilecheck.sty
Package: rerunfilecheck 2025-06-21 v1.11 Rerun checks for auxiliary files (HO)
(/Users/manoelgaldino/Library/TinyTeX/texmf-dist/tex/generic/uniquecounter/uniquecounter.sty
Package: uniquecounter 2019/12/15 v1.4 Provide unlimited unique counter (HO)
)
Package uniquecounter Info: New unique counter `rerunfilecheck' on input line 284.
)
\Hy@SectionHShift=\skip72
) (/Users/manoelgaldino/Library/TinyTeX/texmf-dist/tex/latex/bookmark/bkm-pdftex.def
File: bkm-pdftex.def 2023-12-10 v1.31 bookmark driver for pdfTeX and luaTeX (HO)
\BKM@id=\count338
))
LaTeX Font Info:    Trying to load font information for T1+lmr on input line 168.
(/Users/manoelgaldino/Library/TinyTeX/texmf-dist/tex/latex/lm/t1lmr.fd
File: t1lmr.fd 2015/05/01 v1.6.1 Font defs for Latin Modern
) (/Users/manoelgaldino/Library/TinyTeX/texmf-dist/tex/latex/l3backend/l3backend-pdftex.def
File: l3backend-pdftex.def 2025-10-09 L3 backend support: PDF output (pdfTeX)
\l__color_backend_stack_int=\count339
)
No file bookdownproj.aux.
\openout1 = `bookdownproj.aux'.

LaTeX Font Info:    Checking defaults for OML/cmm/m/it on input line 168.
LaTeX Font Info:    ... okay on input line 168.
LaTeX Font Info:    Checking defaults for OMS/cmsy/m/n on input line 168.
LaTeX Font Info:    ... okay on input line 168.
LaTeX Font Info:    Checking defaults for OT1/cmr/m/n on input line 168.
LaTeX Font Info:    ... okay on input line 168.
LaTeX Font Info:    Checking defaults for T1/cmr/m/n on input line 168.
LaTeX Font Info:    ... okay on input line 168.
LaTeX Font Info:    Checking defaults for TS1/cmr/m/n on input line 168.
LaTeX Font Info:    ... okay on input line 168.
LaTeX Font Info:    Checking defaults for OMX/cmex/m/n on input line 168.
LaTeX Font Info:    ... okay on input line 168.
LaTeX Font Info:    Checking defaults for U/cmr/m/n on input line 168.
LaTeX Font Info:    ... okay on input line 168.
LaTeX Font Info:    Checking defaults for PD1/pdf/m/n on input line 168.
LaTeX Font Info:    ... okay on input line 168.
LaTeX Font Info:    Checking defaults for PU/pdf/m/n on input line 168.
LaTeX Font Info:    ... okay on input line 168.
(/Users/manoelgaldino/Library/TinyTeX/texmf-dist/tex/latex/epstopdf-pkg/epstopdf-base.sty
Package: epstopdf-base 2020-01-24 v2.11 Base part for package epstopdf
Package epstopdf-base Info: Redefining graphics rule for `.eps' on input line 485.
(/Users/manoelgaldino/Library/TinyTeX/texmf-dist/tex/latex/latexconfig/epstopdf-sys.cfg
File: epstopdf-sys.cfg 2010/07/13 v1.3 Configuration of (r)epstopdf for TeX Live
))
*geometry* driver: auto-detecting
*geometry* detected driver: pdftex
*geometry* verbose mode - [ preamble ] result:
* driver: pdftex
* paper: <default>
* layout: <same size as paper>
* layoutoffset:(h,v)=(0.0pt,0.0pt)
* modes: 
* h-part:(L,W,R)=(72.26999pt, 469.75502pt, 72.26999pt)
* v-part:(T,H,B)=(72.26999pt, 650.43001pt, 72.26999pt)
* \paperwidth=614.295pt
* \paperheight=794.96999pt
* \textwidth=469.75502pt
* \textheight=650.43001pt
* \oddsidemargin=0.0pt
* \evensidemargin=0.0pt
* \topmargin=-37.0pt
* \headheight=12.0pt
* \headsep=25.0pt
* \topskip=10.0pt
* \footskip=30.0pt
* \marginparwidth=65.0pt
* \marginparsep=11.0pt
* \columnsep=10.0pt
* \skip\footins=9.0pt plus 4.0pt minus 2.0pt
* \hoffset=0.0pt
* \voffset=0.0pt
* \mag=1000
* \@twocolumnfalse
* \@twosidefalse
* \@mparswitchfalse
* \@reversemarginfalse
* (1in=72.27pt=25.4mm, 1cm=28.453pt)

Package hyperref Info: Link coloring OFF on input line 168.
LaTeX Font Info:    Trying to load font information for OT1+lmr on input line 170.
(/Users/manoelgaldino/Library/TinyTeX/texmf-dist/tex/latex/lm/ot1lmr.fd
File: ot1lmr.fd 2015/05/01 v1.6.1 Font defs for Latin Modern
)
LaTeX Font Info:    Trying to load font information for OML+lmm on input line 170.
(/Users/manoelgaldino/Library/TinyTeX/texmf-dist/tex/latex/lm/omllmm.fd
File: omllmm.fd 2015/05/01 v1.6.1 Font defs for Latin Modern
)
LaTeX Font Info:    Trying to load font information for OMS+lmsy on input line 170.
(/Users/manoelgaldino/Library/TinyTeX/texmf-dist/tex/latex/lm/omslmsy.fd
File: omslmsy.fd 2015/05/01 v1.6.1 Font defs for Latin Modern
)
LaTeX Font Info:    Trying to load font information for OMX+lmex on input line 170.
(/Users/manoelgaldino/Library/TinyTeX/texmf-dist/tex/latex/lm/omxlmex.fd
File: omxlmex.fd 2015/05/01 v1.6.1 Font defs for Latin Modern
)
LaTeX Font Info:    External font `lmex10' loaded for size
(Font)              <12> on input line 170.
LaTeX Font Info:    External font `lmex10' loaded for size
(Font)              <8> on input line 170.
LaTeX Font Info:    External font `lmex10' loaded for size
(Font)              <6> on input line 170.
LaTeX Font Info:    Trying to load font information for U+msa on input line 170.
(/Users/manoelgaldino/Library/TinyTeX/texmf-dist/tex/latex/amsfonts/umsa.fd
File: umsa.fd 2013/01/14 v3.01 AMS symbols A
)
LaTeX Font Info:    Trying to load font information for U+msb on input line 170.
(/Users/manoelgaldino/Library/TinyTeX/texmf-dist/tex/latex/amsfonts/umsb.fd
File: umsb.fd 2013/01/14 v3.01 AMS symbols B
)
No file bookdownproj.toc.
\tf@toc=\write4
\openout4 = `bookdownproj.toc'.

<figures/fig2_classificacao.png, id=4, 517.935pt x 301.125pt>
File: figures/fig2_classificacao.png Graphic file (type png)
<use figures/fig2_classificacao.png>
Package pdftex.def Info: figures/fig2_classificacao.png  used on input line 192.
(pdftex.def)             Requested size: 422.77664pt x 245.81215pt.

Underfull \hbox (badness 1028) in paragraph at lines 192--192
[]\T1/lmr/m/n/10 Figure 1: []Classifica<U+00E7><U+00E3>o se-quen-cial dos tipos de es-tu-dos em ci<U+00EA>ncia
 []

[1

{/Users/manoelgaldino/Library/TinyTeX/texmf-var/fonts/map/pdftex/updmap/pdftex.map}{/Users/manoelgaldino/Library/TinyTeX/texmf-dist/fonts/enc/dvips/lm/lm-ec.enc}]
<figures/fig5_metodos.png, id=20, 517.935pt x 361.35pt>
File: figures/fig5_metodos.png Graphic file (type png)
<use figures/fig5_metodos.png>
Package pdftex.def Info: figures/fig5_metodos.png  used on input line 198.
(pdftex.def)             Requested size: 422.77664pt x 294.9746pt.
LaTeX Font Info:    External font `lmex10' loaded for size
(Font)              <10> on input line 208.
LaTeX Font Info:    External font `lmex10' loaded for size
(Font)              <7> on input line 208.
LaTeX Font Info:    External font `lmex10' loaded for size
(Font)              <5> on input line 208.
[2{/Users/manoelgaldino/Library/TinyTeX/texmf-dist/fonts/enc/dvips/lm/lm-mathit.enc}{/Users/manoelgaldino/Library/TinyTeX/texmf-dist/fonts/enc/dvips/lm/lm-rm.enc}{/Users/manoelgaldino/Library/TinyTeX/texmf-dist/fonts/enc/dvips/lm/lm-mathsy.enc} <./figures/fig2_classificacao.png>] [3 <./figures/fig5_metodos.png>] [4{/Users/manoelgaldino/Library/TinyTeX/texmf-dist/fonts/enc/dvips/lm/lm-mathex.enc}]
LaTeX Font Info:    Trying to load font information for T1+lmtt on input line 274.
(/Users/manoelgaldino/Library/TinyTeX/texmf-dist/tex/latex/lm/t1lmtt.fd
File: t1lmtt.fd 2015/05/01 v1.6.1 Font defs for Latin Modern
)
LaTeX Font Info:    Font shape `T1/lmtt/bx/n' in size <10> not available
(Font)              Font shape `T1/lmtt/b/n' tried instead on input line 275.
[5]
<bookdownproj_files/figure-latex/unnamed-chunk-1-1.pdf, id=57, 469.755pt x 325.215pt>
File: bookdownproj_files/figure-latex/unnamed-chunk-1-1.pdf Graphic file (type pdf)
<use bookdownproj_files/figure-latex/unnamed-chunk-1-1.pdf>
Package pdftex.def Info: bookdownproj_files/figure-latex/unnamed-chunk-1-1.pdf  used on input line 314.
(pdftex.def)             Requested size: 469.75386pt x 325.2142pt.
[6 <./bookdownproj_files/figure-latex/unnamed-chunk-1-1.pdf>] [7]

LaTeX Warning: Citation `ref-fisher1958' on page 8 undefined on input line 374.


LaTeX Warning: Citation `ref-hill1965' on page 8 undefined on input line 376.


LaTeX Warning: Citation `ref-howick2009' on page 8 undefined on input line 397.


LaTeX Warning: Citation `ref-yule1899' on page 8 undefined on input line 399.


LaTeX Warning: Citation `ref-cox1992' on page 8 undefined on input line 399.

[8]

LaTeX Warning: Citation `ref-muthen1987' on page 9 undefined on input line 401.


LaTeX Warning: Citation `ref-robins2022' on page 9 undefined on input line 401.

[9]

Package longtable Warning: Column widths have changed
(longtable)                in table 1 on input line 464.


LaTeX Warning: Citation `ref-holland1986' on page 10 undefined on input line 472.


LaTeX Warning: Citation `ref-lundberg2021' on page 10 undefined on input line 496.

[10]
LaTeX Font Info:    Trying to load font information for TS1+lmr on input line 503.
(/Users/manoelgaldino/Library/TinyTeX/texmf-dist/tex/latex/lm/ts1lmr.fd
File: ts1lmr.fd 2015/05/01 v1.6.1 Font defs for Latin Modern
) [11{/Users/manoelgaldino/Library/TinyTeX/texmf-dist/fonts/enc/dvips/lm/lm-ts1.enc}]
<imagens/abstract-campaign-finance.png, id=129, 1024.82875pt x 784.9325pt>
File: imagens/abstract-campaign-finance.png Graphic file (type png)
<use imagens/abstract-campaign-finance.png>
Package pdftex.def Info: imagens/abstract-campaign-finance.png  used on input line 556.
(pdftex.def)             Requested size: 2049.57724pt x 1569.90904pt.

Overfull \hbox (1579.82222pt too wide) in paragraph at lines 556--557
[][] 
 []

[12]
Overfull \vbox (919.47903pt too high) has occurred while \output is active []

[13 <./imagens/abstract-campaign-finance.png>]
<imagens/abstract-corruption.png, id=142, 1022.82124pt x 824.07875pt>
File: imagens/abstract-corruption.png Graphic file (type png)
<use imagens/abstract-corruption.png>
Package pdftex.def Info: imagens/abstract-corruption.png  used on input line 560.
(pdftex.def)             Requested size: 2045.96352pt x 1648.51813pt.

Overfull \hbox (1576.2085pt too wide) in paragraph at lines 560--561
[][] 
 []

[14]
Overfull \vbox (998.08812pt too high) has occurred while \output is active []

[15 <./imagens/abstract-corruption.png>]
<imagens/abstract-rural.png, id=153, 1018.80624pt x 893.3375pt>
File: imagens/abstract-rural.png Graphic file (type png)
<use imagens/abstract-rural.png>
Package pdftex.def Info: imagens/abstract-rural.png  used on input line 564.
(pdftex.def)             Requested size: 2037.29147pt x 1786.47978pt.

Overfull \hbox (1567.53645pt too wide) in paragraph at lines 564--565
[][] 
 []

[16]
Overfull \vbox (1136.04977pt too high) has occurred while \output is active []

[17 <./imagens/abstract-rural.png>]

LaTeX Warning: Citation `ref-lewbel2019' on page 18 undefined on input line 568.


LaTeX Warning: Citation `ref-hernan2020' on page 18 undefined on input line 578.

[18] [19] [20]

LaTeX Warning: Citation `ref-lalonde1986' on page 21 undefined on input line 764.

[21]

LaTeX Warning: Citation `ref-dehejia1999' on page 22 undefined on input line 768.

<imagens/xkcd-correlation.png, id=186, 414.64912pt x 167.12437pt>
File: imagens/xkcd-correlation.png Graphic file (type png)
<use imagens/xkcd-correlation.png>
Package pdftex.def Info: imagens/xkcd-correlation.png  used on input line 834.
(pdftex.def)             Requested size: 414.6481pt x 167.12395pt.
[22]

LaTeX Warning: Citation `ref-pearl2009' on page 23 undefined on input line 840.


LaTeX Warning: Citation `ref-pearl2018' on page 23 undefined on input line 840.

<bookdownproj_files/figure-latex/dag1-1.pdf, id=198, 469.755pt x 325.215pt>
File: bookdownproj_files/figure-latex/dag1-1.pdf Graphic file (type pdf)
<use bookdownproj_files/figure-latex/dag1-1.pdf>
Package pdftex.def Info: bookdownproj_files/figure-latex/dag1-1.pdf  used on input line 844.
(pdftex.def)             Requested size: 469.75386pt x 325.2142pt.
[23 <./imagens/xkcd-correlation.png>] [24 <./bookdownproj_files/figure-latex/dag1-1.pdf>]
<bookdownproj_files/figure-latex/chain-1.pdf, id=216, 469.755pt x 325.215pt>
File: bookdownproj_files/figure-latex/chain-1.pdf Graphic file (type pdf)
<use bookdownproj_files/figure-latex/chain-1.pdf>
Package pdftex.def Info: bookdownproj_files/figure-latex/chain-1.pdf  used on input line 876.
(pdftex.def)             Requested size: 469.75386pt x 325.2142pt.
<bookdownproj_files/figure-latex/fork-1.pdf, id=217, 469.755pt x 325.215pt>
File: bookdownproj_files/figure-latex/fork-1.pdf Graphic file (type pdf)
<use bookdownproj_files/figure-latex/fork-1.pdf>
Package pdftex.def Info: bookdownproj_files/figure-latex/fork-1.pdf  used on input line 884.
(pdftex.def)             Requested size: 469.75386pt x 325.2142pt.
[25 <./bookdownproj_files/figure-latex/chain-1.pdf>]
<bookdownproj_files/figure-latex/collider-1.pdf, id=232, 469.755pt x 325.215pt>
File: bookdownproj_files/figure-latex/collider-1.pdf Graphic file (type pdf)
<use bookdownproj_files/figure-latex/collider-1.pdf>
Package pdftex.def Info: bookdownproj_files/figure-latex/collider-1.pdf  used on input line 890.
(pdftex.def)             Requested size: 469.75386pt x 325.2142pt.
[26 <./bookdownproj_files/figure-latex/fork-1.pdf>]
<bookdownproj_files/figure-latex/collider1-1.pdf, id=244, 469.755pt x 325.215pt>
File: bookdownproj_files/figure-latex/collider1-1.pdf Graphic file (type pdf)
<use bookdownproj_files/figure-latex/collider1-1.pdf>
Package pdftex.def Info: bookdownproj_files/figure-latex/collider1-1.pdf  used on input line 894.
(pdftex.def)             Requested size: 469.75386pt x 325.2142pt.
[27 <./bookdownproj_files/figure-latex/collider-1.pdf>] [28 <./bookdownproj_files/figure-latex/collider1-1.pdf>]

LaTeX Warning: Citation `ref-greenland2014' on page 29 undefined on input line 941.

<bookdownproj_files/figure-latex/dsep-example-1.pdf, id=266, 469.755pt x 325.215pt>
File: bookdownproj_files/figure-latex/dsep-example-1.pdf Graphic file (type pdf)
<use bookdownproj_files/figure-latex/dsep-example-1.pdf>
Package pdftex.def Info: bookdownproj_files/figure-latex/dsep-example-1.pdf  used on input line 985.
(pdftex.def)             Requested size: 469.75386pt x 325.2142pt.
[29]
<bookdownproj_files/figure-latex/ajuste-exemplo-1.pdf, id=277, 469.755pt x 325.215pt>
File: bookdownproj_files/figure-latex/ajuste-exemplo-1.pdf Graphic file (type pdf)
<use bookdownproj_files/figure-latex/ajuste-exemplo-1.pdf>
Package pdftex.def Info: bookdownproj_files/figure-latex/ajuste-exemplo-1.pdf  used on input line 1022.
(pdftex.def)             Requested size: 469.75386pt x 325.2142pt.
[30 <./bookdownproj_files/figure-latex/dsep-example-1.pdf>]
<bookdownproj_files/figure-latex/collider-erro-1.pdf, id=295, 469.755pt x 325.215pt>
File: bookdownproj_files/figure-latex/collider-erro-1.pdf Graphic file (type pdf)
<use bookdownproj_files/figure-latex/collider-erro-1.pdf>
Package pdftex.def Info: bookdownproj_files/figure-latex/collider-erro-1.pdf  used on input line 1045.
(pdftex.def)             Requested size: 469.75386pt x 325.2142pt.
[31 <./bookdownproj_files/figure-latex/ajuste-exemplo-1.pdf>]

LaTeX Warning: Citation `ref-pearl2009' on page 32 undefined on input line 1064.

[32 <./bookdownproj_files/figure-latex/collider-erro-1.pdf>]
<bookdownproj_files/figure-latex/backdoor-exemplo-1.pdf, id=327, 469.755pt x 325.215pt>
File: bookdownproj_files/figure-latex/backdoor-exemplo-1.pdf Graphic file (type pdf)
<use bookdownproj_files/figure-latex/backdoor-exemplo-1.pdf>
Package pdftex.def Info: bookdownproj_files/figure-latex/backdoor-exemplo-1.pdf  used on input line 1087.
(pdftex.def)             Requested size: 469.75386pt x 325.2142pt.

LaTeX Warning: Citation `ref-pearl2009' on page 33 undefined on input line 1108.

[33 <./bookdownproj_files/figure-latex/backdoor-exemplo-1.pdf>]
<bookdownproj_files/figure-latex/do-sem-confounding-1.pdf, id=341, 469.755pt x 325.215pt>
File: bookdownproj_files/figure-latex/do-sem-confounding-1.pdf Graphic file (type pdf)
<use bookdownproj_files/figure-latex/do-sem-confounding-1.pdf>
Package pdftex.def Info: bookdownproj_files/figure-latex/do-sem-confounding-1.pdf  used on input line 1123.
(pdftex.def)             Requested size: 469.75386pt x 325.2142pt.
<bookdownproj_files/figure-latex/do-com-confounding-1.pdf, id=342, 469.755pt x 325.215pt>
File: bookdownproj_files/figure-latex/do-com-confounding-1.pdf Graphic file (type pdf)
<use bookdownproj_files/figure-latex/do-com-confounding-1.pdf>
Package pdftex.def Info: bookdownproj_files/figure-latex/do-com-confounding-1.pdf  used on input line 1129.
(pdftex.def)             Requested size: 469.75386pt x 325.2142pt.
[34 <./bookdownproj_files/figure-latex/do-sem-confounding-1.pdf>] [35 <./bookdownproj_files/figure-latex/do-com-confounding-1.pdf>]
<bookdownproj_files/figure-latex/fatorizacao-1.pdf, id=366, 469.755pt x 325.215pt>
File: bookdownproj_files/figure-latex/fatorizacao-1.pdf Graphic file (type pdf)
<use bookdownproj_files/figure-latex/fatorizacao-1.pdf>
Package pdftex.def Info: bookdownproj_files/figure-latex/fatorizacao-1.pdf  used on input line 1153.
(pdftex.def)             Requested size: 469.75386pt x 325.2142pt.
[36 <./bookdownproj_files/figure-latex/fatorizacao-1.pdf>]
<bookdownproj_files/figure-latex/ex1-1.pdf, id=381, 469.755pt x 325.215pt>
File: bookdownproj_files/figure-latex/ex1-1.pdf Graphic file (type pdf)
<use bookdownproj_files/figure-latex/ex1-1.pdf>
Package pdftex.def Info: bookdownproj_files/figure-latex/ex1-1.pdf  used on input line 1195.
(pdftex.def)             Requested size: 469.75386pt x 325.2142pt.
[37 <./bookdownproj_files/figure-latex/ex1-1.pdf>] [38] [39]
<bookdownproj_files/figure-latex/bernoulli-1.pdf, id=427, 469.755pt x 325.215pt>
File: bookdownproj_files/figure-latex/bernoulli-1.pdf Graphic file (type pdf)
<use bookdownproj_files/figure-latex/bernoulli-1.pdf>
Package pdftex.def Info: bookdownproj_files/figure-latex/bernoulli-1.pdf  used on input line 1333.
(pdftex.def)             Requested size: 469.75386pt x 325.2142pt.
[40 <./bookdownproj_files/figure-latex/bernoulli-1.pdf>] [41] [42] [43]

LaTeX Warning: Citation `ref-angrist1998' on page 44 undefined on input line 1514.


LaTeX Warning: Citation `ref-goldsmith-pinkham2024' on page 44 undefined on input line 1514.


LaTeX Warning: Citation `ref-blair2023' on page 44 undefined on input line 1536.

[44]
Overfull \hbox (438.49234pt too wide) in paragraph at lines 1609--1609
[]\T1/lmtt/m/n/10 ## Research design diagnosis based on 100 simulations. Diagnosis completed in 1 secs. Diagnosand estimates with bootstrapped standard errors in parentheses (100 replicates).[] 
 []


Overfull \hbox (438.49234pt too wide) in paragraph at lines 1646--1646
[]\T1/lmtt/m/n/10 ## Research design diagnosis based on 500 simulations. Diagnosis completed in 7 secs. Diagnosand estimates with bootstrapped standard errors in parentheses (100 replicates).[] 
 []

[45] [46]

LaTeX Warning: Citation `ref-cantril1940' on page 47 undefined on input line 1731.

[47]

LaTeX Warning: Citation `ref-rugg1941' on page 48 undefined on input line 1760.


LaTeX Warning: Citation `ref-schuman1981' on page 48 undefined on input line 1764.


LaTeX Warning: Citation `ref-tourangeau2000' on page 48 undefined on input line 1766.


LaTeX Warning: Citation `ref-sniderman2011handbook' on page 48 undefined on input line 1768.


LaTeX Warning: Citation `ref-mullinix2015' on page 48 undefined on input line 1770.

[48]

LaTeX Warning: Citation `ref-mutz2011' on page 49 undefined on input line 1772.


LaTeX Warning: Citation `ref-zaller1992' on page 49 undefined on input line 1778.


LaTeX Warning: Citation `ref-gaines2007' on page 49 undefined on input line 1786.

[49]

LaTeX Warning: Citation `ref-krosnick1991' on page 50 undefined on input line 1798.


LaTeX Warning: Citation `ref-warner1965' on page 50 undefined on input line 1808.

[50]

LaTeX Warning: Citation `ref-gaines2007' on page 51 undefined on input line 1826.


LaTeX Warning: Citation `ref-mutz2011' on page 51 undefined on input line 1828.


LaTeX Warning: Citation `ref-mullinix2015' on page 51 undefined on input line 1828.


LaTeX Warning: Citation `ref-hainmueller2015validation' on page 51 undefined on input line 1830.

[51]

LaTeX Warning: Citation `ref-zaller1992' on page 52 undefined on input line 1840.


LaTeX Warning: Citation `ref-chong2007' on page 52 undefined on input line 1852.


LaTeX Warning: Citation `ref-tversky1981' on page 52 undefined on input line 1854.


LaTeX Warning: Citation `ref-chong2007' on page 52 undefined on input line 1858.


LaTeX Warning: Citation `ref-druckman2001' on page 52 undefined on input line 1862.

[52]

LaTeX Warning: Citation `ref-bullock2011' on page 53 undefined on input line 1870.


LaTeX Warning: Citation `ref-lyall2013' on page 53 undefined on input line 1870.


LaTeX Warning: Citation `ref-bullock2011' on page 53 undefined on input line 1872.

[53]

LaTeX Warning: Citation `ref-blair2012' on page 54 undefined on input line 1911.


LaTeX Warning: Citation `ref-blair2012' on page 54 undefined on input line 1913.


LaTeX Warning: Citation `ref-kuhn2022' on page 54 undefined on input line 1915.


LaTeX Warning: Citation `ref-riambau2021' on page 54 undefined on input line 1915.


LaTeX Warning: Citation `ref-hainmueller2014conjoint' on page 54 undefined on input line 1923.

[54]

Package longtable Warning: Column widths have changed
(longtable)                in table 5 on input line 1951.


LaTeX Warning: Citation `ref-hainmueller2015' on page 55 undefined on input line 1991.

[55]

LaTeX Warning: Citation `ref-leeper2020' on page 56 undefined on input line 2005.


LaTeX Warning: Citation `ref-hainmueller2014conjoint' on page 56 undefined on input line 2015.


LaTeX Warning: Citation `ref-hainmueller2015' on page 56 undefined on input line 2019.

[56]

LaTeX Warning: Citation `ref-hainmueller2014conjoint' on page 57 undefined on input line 2021.


LaTeX Warning: Citation `ref-goldsmith-pinkham2024' on page 57 undefined on input line 2023.


LaTeX Warning: Citation `ref-hainmueller2015' on page 57 undefined on input line 2031.

[57]

LaTeX Warning: Citation `ref-bansak2018' on page 58 undefined on input line 2066.


LaTeX Warning: Citation `ref-bansak2021' on page 58 undefined on input line 2066.


LaTeX Warning: Citation `ref-hainmueller2015' on page 58 undefined on input line 2092.

[58] [59]

LaTeX Warning: Citation `ref-brutger2023' on page 60 undefined on input line 2153.


LaTeX Warning: Citation `ref-hainmueller2015validation' on page 60 undefined on input line 2177.

[60]

LaTeX Warning: Citation `ref-munoz2020' on page 61 undefined on input line 2187.

[61]

LaTeX Warning: Citation `ref-rosenbaumrubin1983' on page 62 undefined on input line 2243.


LaTeX Warning: Citation `ref-rosenbaumrubin1983' on page 62 undefined on input line 2247.

[62]
<bookdownproj_files/figure-latex/modelo-mal-especificado-DAG-1.pdf, id=623, 469.755pt x 325.215pt>
File: bookdownproj_files/figure-latex/modelo-mal-especificado-DAG-1.pdf Graphic file (type pdf)
<use bookdownproj_files/figure-latex/modelo-mal-especificado-DAG-1.pdf>
Package pdftex.def Info: bookdownproj_files/figure-latex/modelo-mal-especificado-DAG-1.pdf  used on input line 2279.
(pdftex.def)             Requested size: 469.75386pt x 325.2142pt.
[63]
Overfull \vbox (0.56203pt too high) detected at line 2317
 []

[64 <./bookdownproj_files/figure-latex/modelo-mal-especificado-DAG-1.pdf>]
<bookdownproj_files/figure-latex/modelo-mal-especificado-plot1-1.pdf, id=638, 469.755pt x 325.215pt>
File: bookdownproj_files/figure-latex/modelo-mal-especificado-plot1-1.pdf Graphic file (type pdf)
<use bookdownproj_files/figure-latex/modelo-mal-especificado-plot1-1.pdf>
Package pdftex.def Info: bookdownproj_files/figure-latex/modelo-mal-especificado-plot1-1.pdf  used on input line 2319.
(pdftex.def)             Requested size: 469.75386pt x 325.2142pt.
[65 <./bookdownproj_files/figure-latex/modelo-mal-especificado-plot1-1.pdf>]
<bookdownproj_files/figure-latex/modelo-mal-especificado-plot1-reg-1.pdf, id=653, 469.755pt x 325.215pt>
File: bookdownproj_files/figure-latex/modelo-mal-especificado-plot1-reg-1.pdf Graphic file (type pdf)
<use bookdownproj_files/figure-latex/modelo-mal-especificado-plot1-reg-1.pdf>
Package pdftex.def Info: bookdownproj_files/figure-latex/modelo-mal-especificado-plot1-reg-1.pdf  used on input line 2343.
(pdftex.def)             Requested size: 469.75386pt x 325.2142pt.
[66 <./bookdownproj_files/figure-latex/modelo-mal-especificado-plot1-reg-1.pdf>]
<bookdownproj_files/figure-latex/modelo-mal-especificado-plot2-1.pdf, id=668, 469.755pt x 325.215pt>
File: bookdownproj_files/figure-latex/modelo-mal-especificado-plot2-1.pdf Graphic file (type pdf)
<use bookdownproj_files/figure-latex/modelo-mal-especificado-plot2-1.pdf>
Package pdftex.def Info: bookdownproj_files/figure-latex/modelo-mal-especificado-plot2-1.pdf  used on input line 2385.
(pdftex.def)             Requested size: 469.75386pt x 325.2142pt.

Underfull \vbox (badness 2556) detected at line 2405
 []

[67 <./bookdownproj_files/figure-latex/modelo-mal-especificado-plot2-1.pdf>]
<bookdownproj_files/figure-latex/modelo-mal-especificado-plot2-reg-1.pdf, id=683, 469.755pt x 325.215pt>
File: bookdownproj_files/figure-latex/modelo-mal-especificado-plot2-reg-1.pdf Graphic file (type pdf)
<use bookdownproj_files/figure-latex/modelo-mal-especificado-plot2-reg-1.pdf>
Package pdftex.def Info: bookdownproj_files/figure-latex/modelo-mal-especificado-plot2-reg-1.pdf  used on input line 2407.
(pdftex.def)             Requested size: 469.75386pt x 325.2142pt.
[68 <./bookdownproj_files/figure-latex/modelo-mal-especificado-plot2-reg-1.pdf>] [69] [70]
<bookdownproj_files/figure-latex/distribuicao-pscore-1.pdf, id=707, 469.755pt x 325.215pt>
File: bookdownproj_files/figure-latex/distribuicao-pscore-1.pdf Graphic file (type pdf)
<use bookdownproj_files/figure-latex/distribuicao-pscore-1.pdf>
Package pdftex.def Info: bookdownproj_files/figure-latex/distribuicao-pscore-1.pdf  used on input line 2539.
(pdftex.def)             Requested size: 469.75386pt x 325.2142pt.
<bookdownproj_files/figure-latex/distribuicao-pscore-2.pdf, id=708, 469.755pt x 325.215pt>
File: bookdownproj_files/figure-latex/distribuicao-pscore-2.pdf Graphic file (type pdf)
<use bookdownproj_files/figure-latex/distribuicao-pscore-2.pdf>
Package pdftex.def Info: bookdownproj_files/figure-latex/distribuicao-pscore-2.pdf  used on input line 2550.
(pdftex.def)             Requested size: 469.75386pt x 325.2142pt.
[71 <./bookdownproj_files/figure-latex/distribuicao-pscore-1.pdf>] [72 <./bookdownproj_files/figure-latex/distribuicao-pscore-2.pdf>] [73]
LaTeX Font Info:    Trying to load font information for TS1+lmtt on input line 2689.
(/Users/manoelgaldino/Library/TinyTeX/texmf-dist/tex/latex/lm/ts1lmtt.fd
File: ts1lmtt.fd 2015/05/01 v1.6.1 Font defs for Latin Modern
)

LaTeX Warning: Citation `ref-lalonde1986' on page 74 undefined on input line 2717.

[74] [75]

LaTeX Warning: Citation `ref-lalonde1986' on page 76 undefined on input line 2827.

[76]
<bookdownproj_files/figure-latex/matching-nearest-1.pdf, id=755, 469.755pt x 325.215pt>
File: bookdownproj_files/figure-latex/matching-nearest-1.pdf Graphic file (type pdf)
<use bookdownproj_files/figure-latex/matching-nearest-1.pdf>
Package pdftex.def Info: bookdownproj_files/figure-latex/matching-nearest-1.pdf  used on input line 2917.
(pdftex.def)             Requested size: 469.75386pt x 325.2142pt.
[77] [78 <./bookdownproj_files/figure-latex/matching-nearest-1.pdf>] [79]

LaTeX Warning: Citation `ref-kingnielsen2019' on page 80 undefined on input line 3077.


LaTeX Warning: Citation `ref-kingnielsen2019' on page 80 undefined on input line 3077.

[80]

LaTeX Warning: Citation `ref-austin2009' on page 81 undefined on input line 3083.


LaTeX Warning: Citation `ref-austin2009' on page 81 undefined on input line 3085.


LaTeX Warning: Citation `ref-iacuskingporro2012' on page 81 undefined on input line 3096.

[81] [82]

LaTeX Warning: Citation `ref-hainmueller2012' on page 83 undefined on input line 3189.

[83] [84] [85] [86] [87] [88] [89] [90] [91] [92] [93] [94] [95] [96] [97] [98] [99] [100] [101] [102] [103] [104] [105] [106] [107] [108] [109] [110] [111] [112] [113] [114] [115] [116] [117] [118] [119] [120] [121] [122] [123] [124] [125] [126] [127] [128] [129]

LaTeX Warning: Citation `ref-rosenbaum2002' on page 130 undefined on input line 5725.


LaTeX Warning: Citation `ref-cinellihazlett2020' on page 130 undefined on input line 5737.


Overfull \hbox (44.74348pt too wide) in paragraph at lines 5799--5799
[]\T1/lmtt/m/n/10 ## -- This means we are considering biases that reduce the absolute value of the current estimate.[] 
 []

[130]
Overfull \hbox (1078.99048pt too wide) in paragraph at lines 5799--5799
[]\T1/lmtt/m/n/10 ## -- Partial R2 of the treatment with the outcome: an extreme confounder (orthogonal to the covariates) that explains 100% of the residual variance of the outcome, would need to explain at least 0.47% of the residual variance of the treatment to fully account for the observed estimated effect.[] 
 []


Overfull \hbox (1945.23796pt too wide) in paragraph at lines 5799--5799
[]\T1/lmtt/m/n/10 ## -- Robustness Value, q = 1: unobserved confounders (orthogonal to the covariates) that explain more than 6.64% of the residual variance of both the treatment and the outcome are strong enough to bring the point estimate to 0 (a bias of 100% of the original estimate). Conversely, unobserved confounders that do not explain more than 6.64% of the residual variance of both the treatment and the outcome are not strong enough to bring the point estimate to 0.[] 
 []


Overfull \hbox (3016.23485pt too wide) in paragraph at lines 5799--5799
[]\T1/lmtt/m/n/10 ## -- Robustness Value, q = 1, alpha = 0.05: unobserved confounders (orthogonal to the covariates) that explain more than 0% of the residual variance of both the treatment and the outcome are strong enough to bring the estimate to a range where it is no longer 'statistically different' from 0 (a bias of 100% of the original estimate), at the significance level of alpha = 0.05. Conversely, unobserved confounders that do not explain more than 0% of the residual variance of both the treatment and the outcome are not strong enough to bring the estimate to a range where it is no longer 'statistically different' from 0, at the significance level of alpha = 0.05.[] 
 []


Overfull \hbox (679.99164pt too wide) in paragraph at lines 5799--5799
[]\T1/lmtt/m/n/10 ## --The table below shows the maximum strength of unobserved confounders with association with the treatment and the outcome bounded by a multiple of the observed explanatory power of the chosen benchmark covariate(s).[] 
 []

<bookdownproj_files/figure-latex/sensemakr-lalonde-1.pdf, id=1005, 469.755pt x 325.215pt>
File: bookdownproj_files/figure-latex/sensemakr-lalonde-1.pdf Graphic file (type pdf)
<use bookdownproj_files/figure-latex/sensemakr-lalonde-1.pdf>
Package pdftex.def Info: bookdownproj_files/figure-latex/sensemakr-lalonde-1.pdf  used on input line 5807.
(pdftex.def)             Requested size: 469.75386pt x 325.2142pt.
[131]

LaTeX Warning: Citation `ref-callawaysantanna2021' on page 132 undefined on input line 5813.

[132 <./bookdownproj_files/figure-latex/sensemakr-lalonde-1.pdf>]

LaTeX Warning: Citation `ref-erikson2011' on page 133 undefined on input line 5831.

<bookdownproj_files/figure-latex/dag-diagram1-1.pdf, id=1021, 469.755pt x 325.215pt>
File: bookdownproj_files/figure-latex/dag-diagram1-1.pdf Graphic file (type pdf)
<use bookdownproj_files/figure-latex/dag-diagram1-1.pdf>
Package pdftex.def Info: bookdownproj_files/figure-latex/dag-diagram1-1.pdf  used on input line 5837.
(pdftex.def)             Requested size: 469.75386pt x 325.2142pt.
[133]
<bookdownproj_files/figure-latex/dag-diagram2-1.pdf, id=1029, 469.755pt x 325.215pt>
File: bookdownproj_files/figure-latex/dag-diagram2-1.pdf Graphic file (type pdf)
<use bookdownproj_files/figure-latex/dag-diagram2-1.pdf>
Package pdftex.def Info: bookdownproj_files/figure-latex/dag-diagram2-1.pdf  used on input line 5857.
(pdftex.def)             Requested size: 469.75386pt x 325.2142pt.
[134 <./bookdownproj_files/figure-latex/dag-diagram1-1.pdf>]
<bookdownproj_files/figure-latex/dag-diagram3-1.pdf, id=1042, 469.755pt x 325.215pt>
File: bookdownproj_files/figure-latex/dag-diagram3-1.pdf Graphic file (type pdf)
<use bookdownproj_files/figure-latex/dag-diagram3-1.pdf>
Package pdftex.def Info: bookdownproj_files/figure-latex/dag-diagram3-1.pdf  used on input line 5861.
(pdftex.def)             Requested size: 469.75386pt x 325.2142pt.
[135 <./bookdownproj_files/figure-latex/dag-diagram2-1.pdf>]
<bookdownproj_files/figure-latex/dag-diagram4-1.pdf, id=1052, 469.755pt x 325.215pt>
File: bookdownproj_files/figure-latex/dag-diagram4-1.pdf Graphic file (type pdf)
<use bookdownproj_files/figure-latex/dag-diagram4-1.pdf>
Package pdftex.def Info: bookdownproj_files/figure-latex/dag-diagram4-1.pdf  used on input line 5865.
(pdftex.def)             Requested size: 469.75386pt x 325.2142pt.
[136 <./bookdownproj_files/figure-latex/dag-diagram3-1.pdf>]
<bookdownproj_files/figure-latex/dag-diagram4-mod-1.pdf, id=1063, 469.755pt x 325.215pt>
File: bookdownproj_files/figure-latex/dag-diagram4-mod-1.pdf Graphic file (type pdf)
<use bookdownproj_files/figure-latex/dag-diagram4-mod-1.pdf>
Package pdftex.def Info: bookdownproj_files/figure-latex/dag-diagram4-mod-1.pdf  used on input line 5871.
(pdftex.def)             Requested size: 469.75386pt x 325.2142pt.
[137 <./bookdownproj_files/figure-latex/dag-diagram4-1.pdf>] [138 <./bookdownproj_files/figure-latex/dag-diagram4-mod-1.pdf>]

LaTeX Warning: Reference `restricao-de-exclusao' on page 139 undefined on input line 5907.

[139] [140]
<bookdownproj_files/figure-latex/sim-dag-canonico-n-1.pdf, id=1097, 469.755pt x 325.215pt>
File: bookdownproj_files/figure-latex/sim-dag-canonico-n-1.pdf Graphic file (type pdf)
<use bookdownproj_files/figure-latex/sim-dag-canonico-n-1.pdf>
Package pdftex.def Info: bookdownproj_files/figure-latex/sim-dag-canonico-n-1.pdf  used on input line 6052.
(pdftex.def)             Requested size: 469.75386pt x 325.2142pt.
[141]

LaTeX Warning: Citation `ref-white2019' on page 142 undefined on input line 6060.

[142 <./bookdownproj_files/figure-latex/sim-dag-canonico-n-1.pdf>]

Package longtable Warning: Column widths have changed
(longtable)                in table 8 on input line 6077.


LaTeX Warning: Citation `ref-white2019' on page 143 undefined on input line 6079.


LaTeX Warning: Reference `tab:dag-vs-po' on page 143 undefined on input line 6105.

[143]

LaTeX Warning: Citation `ref-mellon2023' on page 144 undefined on input line 6165.

[144]

LaTeX Warning: Reference `tipologia-de-unidades' on page 145 undefined on input line 6189.


LaTeX Warning: Reference `eq:itt-complier' on page 145 undefined on input line 6198.


LaTeX Warning: Reference `eq:p-d-z1' on page 145 undefined on input line 6210.


LaTeX Warning: Reference `eq:p-d-z0' on page 145 undefined on input line 6210.


LaTeX Warning: Reference `eq:p-d-z0' on page 145 undefined on input line 6210.


LaTeX Warning: Reference `eq:p-d-z1' on page 145 undefined on input line 6210.


LaTeX Warning: Reference `eq:p-complier-prob' on page 145 undefined on input line 6217.


LaTeX Warning: Reference `eq:p-complier' on page 145 undefined on input line 6228.


LaTeX Warning: Reference `eq:itt-complier' on page 145 undefined on input line 6228.


LaTeX Warning: Reference `eq:itt-first-stage' on page 145 undefined on input line 6238.

[145]

LaTeX Warning: Reference `eq:forma-reduzida' on page 146 undefined on input line 6279.


LaTeX Warning: Reference `eq:beta-2sls' on page 146 undefined on input line 6290.

[146]

LaTeX Warning: Citation `ref-staigerstock1997' on page 147 undefined on input line 6299.


LaTeX Warning: Citation `ref-stockyogo2005' on page 147 undefined on input line 6299.


LaTeX Warning: Citation `ref-montielolea2013' on page 147 undefined on input line 6299.


LaTeX Warning: Citation `ref-hinnerich2014' on page 147 undefined on input line 6324.


LaTeX Warning: Citation `ref-dinas2014' on page 147 undefined on input line 6324.

[147] [148] [149] [150] [151]
<bookdownproj_files/figure-latex/plot-d-assignment-1.pdf, id=1206, 469.755pt x 325.215pt>
File: bookdownproj_files/figure-latex/plot-d-assignment-1.pdf Graphic file (type pdf)
<use bookdownproj_files/figure-latex/plot-d-assignment-1.pdf>
Package pdftex.def Info: bookdownproj_files/figure-latex/plot-d-assignment-1.pdf  used on input line 6502.
(pdftex.def)             Requested size: 469.75386pt x 325.2142pt.
<bookdownproj_files/figure-latex/plot-po-y0-1.pdf, id=1207, 469.755pt x 325.215pt>
File: bookdownproj_files/figure-latex/plot-po-y0-1.pdf Graphic file (type pdf)
<use bookdownproj_files/figure-latex/plot-po-y0-1.pdf>
Package pdftex.def Info: bookdownproj_files/figure-latex/plot-po-y0-1.pdf  used on input line 6508.
(pdftex.def)             Requested size: 469.75386pt x 325.2142pt.
<bookdownproj_files/figure-latex/plot-po-y1-1.pdf, id=1208, 469.755pt x 325.215pt>
File: bookdownproj_files/figure-latex/plot-po-y1-1.pdf Graphic file (type pdf)
<use bookdownproj_files/figure-latex/plot-po-y1-1.pdf>
Package pdftex.def Info: bookdownproj_files/figure-latex/plot-po-y1-1.pdf  used on input line 6514.
(pdftex.def)             Requested size: 469.75386pt x 325.2142pt.
<bookdownproj_files/figure-latex/plot-po-y1-Y0-1.pdf, id=1209, 469.755pt x 325.215pt>
File: bookdownproj_files/figure-latex/plot-po-y1-Y0-1.pdf Graphic file (type pdf)
<use bookdownproj_files/figure-latex/plot-po-y1-Y0-1.pdf>
Package pdftex.def Info: bookdownproj_files/figure-latex/plot-po-y1-Y0-1.pdf  used on input line 6520.
(pdftex.def)             Requested size: 469.75386pt x 325.2142pt.
<bookdownproj_files/figure-latex/plot-po-y1-Y0-2.pdf, id=1210, 469.755pt x 325.215pt>
File: bookdownproj_files/figure-latex/plot-po-y1-Y0-2.pdf Graphic file (type pdf)
<use bookdownproj_files/figure-latex/plot-po-y1-Y0-2.pdf>
Package pdftex.def Info: bookdownproj_files/figure-latex/plot-po-y1-Y0-2.pdf  used on input line 6523.
(pdftex.def)             Requested size: 469.75386pt x 325.2142pt.
<bookdownproj_files/figure-latex/plot-observed-1.pdf, id=1211, 469.755pt x 325.215pt>
File: bookdownproj_files/figure-latex/plot-observed-1.pdf Graphic file (type pdf)
<use bookdownproj_files/figure-latex/plot-observed-1.pdf>
Package pdftex.def Info: bookdownproj_files/figure-latex/plot-observed-1.pdf  used on input line 6529.
(pdftex.def)             Requested size: 469.75386pt x 325.2142pt.
[152 <./bookdownproj_files/figure-latex/plot-d-assignment-1.pdf>] [153 <./bookdownproj_files/figure-latex/plot-po-y0-1.pdf>] [154 <./bookdownproj_files/figure-latex/plot-po-y1-1.pdf>] [155 <./bookdownproj_files/figure-latex/plot-po-y1-Y0-1.pdf>] [156 <./bookdownproj_files/figure-latex/plot-po-y1-Y0-2.pdf>] [157 <./bookdownproj_files/figure-latex/plot-observed-1.pdf>]
<bookdownproj_files/figure-latex/caso-rdd-suave-1.pdf, id=1274, 469.755pt x 325.215pt>
File: bookdownproj_files/figure-latex/caso-rdd-suave-1.pdf Graphic file (type pdf)
<use bookdownproj_files/figure-latex/caso-rdd-suave-1.pdf>
Package pdftex.def Info: bookdownproj_files/figure-latex/caso-rdd-suave-1.pdf  used on input line 6539.
(pdftex.def)             Requested size: 469.75386pt x 325.2142pt.
<bookdownproj_files/figure-latex/caso-rdd-heterogeneo-1.pdf, id=1275, 469.755pt x 325.215pt>
File: bookdownproj_files/figure-latex/caso-rdd-heterogeneo-1.pdf Graphic file (type pdf)
<use bookdownproj_files/figure-latex/caso-rdd-heterogeneo-1.pdf>
Package pdftex.def Info: bookdownproj_files/figure-latex/caso-rdd-heterogeneo-1.pdf  used on input line 6543.
(pdftex.def)             Requested size: 469.75386pt x 325.2142pt.
<bookdownproj_files/figure-latex/caso-rdd-heterogeneo-forte-1.pdf, id=1276, 469.755pt x 325.215pt>
File: bookdownproj_files/figure-latex/caso-rdd-heterogeneo-forte-1.pdf Graphic file (type pdf)
<use bookdownproj_files/figure-latex/caso-rdd-heterogeneo-forte-1.pdf>
Package pdftex.def Info: bookdownproj_files/figure-latex/caso-rdd-heterogeneo-forte-1.pdf  used on input line 6547.
(pdftex.def)             Requested size: 469.75386pt x 325.2142pt.
<bookdownproj_files/figure-latex/caso-rdd-efeito-nulo-1.pdf, id=1277, 469.755pt x 325.215pt>
File: bookdownproj_files/figure-latex/caso-rdd-efeito-nulo-1.pdf Graphic file (type pdf)
<use bookdownproj_files/figure-latex/caso-rdd-efeito-nulo-1.pdf>
Package pdftex.def Info: bookdownproj_files/figure-latex/caso-rdd-efeito-nulo-1.pdf  used on input line 6551.
(pdftex.def)             Requested size: 469.75386pt x 325.2142pt.
<bookdownproj_files/figure-latex/caso-rdd-invalido-1.pdf, id=1278, 469.755pt x 325.215pt>
File: bookdownproj_files/figure-latex/caso-rdd-invalido-1.pdf Graphic file (type pdf)
<use bookdownproj_files/figure-latex/caso-rdd-invalido-1.pdf>
Package pdftex.def Info: bookdownproj_files/figure-latex/caso-rdd-invalido-1.pdf  used on input line 6555.
(pdftex.def)             Requested size: 469.75386pt x 325.2142pt.
<bookdownproj_files/figure-latex/plot-binscatter-1.pdf, id=1279, 469.755pt x 325.215pt>
File: bookdownproj_files/figure-latex/plot-binscatter-1.pdf Graphic file (type pdf)
<use bookdownproj_files/figure-latex/plot-binscatter-1.pdf>
Package pdftex.def Info: bookdownproj_files/figure-latex/plot-binscatter-1.pdf  used on input line 6563.
(pdftex.def)             Requested size: 469.75386pt x 325.2142pt.
<bookdownproj_files/figure-latex/plot-binscatter-quantis-1.pdf, id=1280, 469.755pt x 325.215pt>
File: bookdownproj_files/figure-latex/plot-binscatter-quantis-1.pdf Graphic file (type pdf)
<use bookdownproj_files/figure-latex/plot-binscatter-quantis-1.pdf>
Package pdftex.def Info: bookdownproj_files/figure-latex/plot-binscatter-quantis-1.pdf  used on input line 6580.
(pdftex.def)             Requested size: 469.75386pt x 325.2142pt.
[158 <./bookdownproj_files/figure-latex/caso-rdd-suave-1.pdf>] [159 <./bookdownproj_files/figure-latex/caso-rdd-heterogeneo-1.pdf>] [160 <./bookdownproj_files/figure-latex/caso-rdd-heterogeneo-forte-1.pdf>] [161 <./bookdownproj_files/figure-latex/caso-rdd-efeito-nulo-1.pdf>] [162 <./bookdownproj_files/figure-latex/caso-rdd-invalido-1.pdf>] [163 <./bookdownproj_files/figure-latex/plot-binscatter-1.pdf>] [164 <./bookdownproj_files/figure-latex/plot-binscatter-quantis-1.pdf>]
<bookdownproj_files/figure-latex/plot-binscatter-quantis-rdplot-qs-1.pdf, id=1357, 469.755pt x 325.215pt>
File: bookdownproj_files/figure-latex/plot-binscatter-quantis-rdplot-qs-1.pdf Graphic file (type pdf)
<use bookdownproj_files/figure-latex/plot-binscatter-quantis-rdplot-qs-1.pdf>
Package pdftex.def Info: bookdownproj_files/figure-latex/plot-binscatter-quantis-rdplot-qs-1.pdf  used on input line 6590.
(pdftex.def)             Requested size: 469.75386pt x 325.2142pt.
<bookdownproj_files/figure-latex/plot-binscatter-quantis-rdplot-qsmv-1.pdf, id=1358, 469.755pt x 325.215pt>
File: bookdownproj_files/figure-latex/plot-binscatter-quantis-rdplot-qsmv-1.pdf Graphic file (type pdf)
<use bookdownproj_files/figure-latex/plot-binscatter-quantis-rdplot-qsmv-1.pdf>
Package pdftex.def Info: bookdownproj_files/figure-latex/plot-binscatter-quantis-rdplot-qsmv-1.pdf  used on input line 6594.
(pdftex.def)             Requested size: 469.75386pt x 325.2142pt.
[165 <./bookdownproj_files/figure-latex/plot-binscatter-quantis-rdplot-qs-1.pdf>] [166 <./bookdownproj_files/figure-latex/plot-binscatter-quantis-rdplot-qsmv-1.pdf>]
<bookdownproj_files/figure-latex/permutation-test-1.pdf, id=1380, 469.755pt x 325.215pt>
File: bookdownproj_files/figure-latex/permutation-test-1.pdf Graphic file (type pdf)
<use bookdownproj_files/figure-latex/permutation-test-1.pdf>
Package pdftex.def Info: bookdownproj_files/figure-latex/permutation-test-1.pdf  used on input line 6630.
(pdftex.def)             Requested size: 469.75386pt x 325.2142pt.
[167 <./bookdownproj_files/figure-latex/permutation-test-1.pdf>]
<imagens/quote.png, id=1391, 1144.275pt x 348.30125pt>
File: imagens/quote.png Graphic file (type png)
<use imagens/quote.png>
Package pdftex.def Info: imagens/quote.png  used on input line 6642.
(pdftex.def)             Requested size: 422.77664pt x 128.68874pt.
<imagens/quote2.png, id=1392, 1128.215pt x 204.765pt>
File: imagens/quote2.png Graphic file (type png)
<use imagens/quote2.png>
Package pdftex.def Info: imagens/quote2.png  used on input line 6645.
(pdftex.def)             Requested size: 422.77664pt x 76.73044pt.

Underfull \hbox (badness 10000) in paragraph at lines 6645--6645
[]\T1/lmr/m/n/10 Figure 21: []Caughey e Sekhon (2011): im-plica<U+00E7><U+00E3>o para a in-ter-
 []

<imagens/manipulation test.png, id=1393, 1111.15125pt x 647.41875pt>
File: imagens/manipulation test.png Graphic file (type png)
<use imagens/manipulation test.png>
Package pdftex.def Info: imagens/manipulation test.png  used on input line 6659.
(pdftex.def)             Requested size: 2222.30249pt x 1295.00226pt.

Overfull \hbox (1752.54747pt too wide) in paragraph at lines 6659--6659
[][] 
 []


LaTeX Warning: Float too large for page by 669.07225pt on input line 6660.

[168 <./imagens/quote.png> <./imagens/quote2.png>] [169 <./imagens/manipulation test.png>]
<bookdownproj_files/figure-latex/McCay-test1-1.pdf, id=1410, 469.755pt x 325.215pt>
File: bookdownproj_files/figure-latex/McCay-test1-1.pdf Graphic file (type pdf)
<use bookdownproj_files/figure-latex/McCay-test1-1.pdf>
Package pdftex.def Info: bookdownproj_files/figure-latex/McCay-test1-1.pdf  used on input line 6667.
(pdftex.def)             Requested size: 469.75386pt x 325.2142pt.

LaTeX Warning: Reference `tab:Cattaneo-test' on page 170 undefined on input line 6689.

[170 <./bookdownproj_files/figure-latex/McCay-test1-1.pdf>]
Overfull \hbox (27.6893pt too wide) in paragraph at lines 6717--6726
 [][] 
 []

<bookdownproj_files/figure-latex/plot-efeitos-1.pdf, id=1425, 469.755pt x 325.215pt>
File: bookdownproj_files/figure-latex/plot-efeitos-1.pdf Graphic file (type pdf)
<use bookdownproj_files/figure-latex/plot-efeitos-1.pdf>
Package pdftex.def Info: bookdownproj_files/figure-latex/plot-efeitos-1.pdf  used on input line 6729.
(pdftex.def)             Requested size: 469.75386pt x 325.2142pt.

Underfull \hbox (badness 1917) in paragraph at lines 6756--6756
[]\T1/lmr/m/n/10 Table 13: [][]Covari<U+00E1>veis pr<U+00E9>-tratamento po-dem mu-dar pre-cis<U+00E3>o, mas
 []


Overfull \hbox (66.63493pt too wide) in paragraph at lines 6758--6767
 [][] 
 []

[171] [172 <./bookdownproj_files/figure-latex/plot-efeitos-1.pdf>]

LaTeX Warning: Reference `tab:tabela-fuzzy-rd-r' on page 173 undefined on input line 6809.

[173] [174]
<bookdownproj_files/figure-latex/DAG-1.pdf, id=1458, 469.755pt x 325.215pt>
File: bookdownproj_files/figure-latex/DAG-1.pdf Graphic file (type pdf)
<use bookdownproj_files/figure-latex/DAG-1.pdf>
Package pdftex.def Info: bookdownproj_files/figure-latex/DAG-1.pdf  used on input line 6850.
(pdftex.def)             Requested size: 469.75386pt x 325.2142pt.
[175 <./bookdownproj_files/figure-latex/DAG-1.pdf>] [176]

LaTeX Warning: Citation `ref-cunningham2021' on page 177 undefined on input line 6941.


LaTeX Warning: Citation `ref-huntingtonklein2022' on page 177 undefined on input line 6941.


LaTeX Warning: Citation `ref-cardkrueger1994' on page 177 undefined on input line 6941.

[177]
<bookdownproj_files/figure-latex/pt-classico-1.pdf, id=1507, 469.755pt x 325.215pt>
File: bookdownproj_files/figure-latex/pt-classico-1.pdf Graphic file (type pdf)
<use bookdownproj_files/figure-latex/pt-classico-1.pdf>
Package pdftex.def Info: bookdownproj_files/figure-latex/pt-classico-1.pdf  used on input line 7011.
(pdftex.def)             Requested size: 469.75386pt x 325.2142pt.

LaTeX Warning: Reference `fig:pt-classico' on page 178 undefined on input line 7015.

[178] [179 <./bookdownproj_files/figure-latex/pt-classico-1.pdf>]

LaTeX Warning: Citation `ref-rothsantanna2023' on page 180 undefined on input line 7023.


LaTeX Warning: Citation `ref-hull2024metrix' on page 180 undefined on input line 7023.


LaTeX Warning: Citation `ref-borusyak2024' on page 180 undefined on input line 7065.

[180]

LaTeX Warning: Citation `ref-abadie2005' on page 181 undefined on input line 7086.


LaTeX Warning: Citation `ref-santannazhao2020' on page 181 undefined on input line 7086.


LaTeX Warning: Citation `ref-abadie2005' on page 181 undefined on input line 7098.


LaTeX Warning: Citation `ref-santannazhao2020' on page 181 undefined on input line 7102.


LaTeX Warning: Citation `ref-callawaysantanna2021' on page 181 undefined on input line 7105.


LaTeX Warning: Citation `ref-wooldridge2021' on page 181 undefined on input line 7105.


LaTeX Warning: Citation `ref-borusyak2024' on page 181 undefined on input line 7119.


LaTeX Warning: Citation `ref-caetano2024' on page 181 undefined on input line 7119.


LaTeX Warning: Citation `ref-angrist2009' on page 181 undefined on input line 7121.


LaTeX Warning: Citation `ref-caetano2024' on page 181 undefined on input line 7121.


LaTeX Warning: Citation `ref-linzhang2022' on page 181 undefined on input line 7123.

[181]

LaTeX Warning: Citation `ref-caetano2024' on page 182 undefined on input line 7136.

[182]

LaTeX Warning: Citation `ref-bertrand2004' on page 183 undefined on input line 7187.


LaTeX Warning: Citation `ref-freyaldenhoven2019' on page 183 undefined on input line 7191.


LaTeX Warning: Citation `ref-goldsmithpinkham2026applied' on page 183 undefined on input line 7191.

[183]
Underfull \vbox (badness 3138) detected at line 7252
 []

[184]
<bookdownproj_files/figure-latex/ot-tendencias-1.pdf, id=1567, 469.755pt x 325.215pt>
File: bookdownproj_files/figure-latex/ot-tendencias-1.pdf Graphic file (type pdf)
<use bookdownproj_files/figure-latex/ot-tendencias-1.pdf>
Package pdftex.def Info: bookdownproj_files/figure-latex/ot-tendencias-1.pdf  used on input line 7323.
(pdftex.def)             Requested size: 469.75386pt x 325.2142pt.
[185] [186 <./bookdownproj_files/figure-latex/ot-tendencias-1.pdf>]
Overfull \hbox (135.79861pt too wide) in paragraph at lines 7368--7375
 [][] 
 []

[187] [188]
<bookdownproj_files/figure-latex/ot-event-study-1.pdf, id=1595, 469.755pt x 325.215pt>
File: bookdownproj_files/figure-latex/ot-event-study-1.pdf Graphic file (type pdf)
<use bookdownproj_files/figure-latex/ot-event-study-1.pdf>
Package pdftex.def Info: bookdownproj_files/figure-latex/ot-event-study-1.pdf  used on input line 7519.
(pdftex.def)             Requested size: 469.75386pt x 325.2142pt.
[189] [190 <./bookdownproj_files/figure-latex/ot-event-study-1.pdf>]
Overfull \hbox (196.64386pt too wide) in paragraph at lines 7567--7584
 [][] 
 []

[191]

LaTeX Warning: Citation `ref-sunabraham2021' on page 192 undefined on input line 7599.


LaTeX Warning: Citation `ref-dechaisemartin2020' on page 192 undefined on input line 7607.


LaTeX Warning: Citation `ref-dechaisemartin2023' on page 192 undefined on input line 7607.


LaTeX Warning: Citation `ref-goodmanbacon2021' on page 192 undefined on input line 7617.

[192] [193]
<bookdownproj_files/figure-latex/bacon-grafico-1.pdf, id=1633, 469.755pt x 325.215pt>
File: bookdownproj_files/figure-latex/bacon-grafico-1.pdf Graphic file (type pdf)
<use bookdownproj_files/figure-latex/bacon-grafico-1.pdf>
Package pdftex.def Info: bookdownproj_files/figure-latex/bacon-grafico-1.pdf  used on input line 7768.
(pdftex.def)             Requested size: 469.75386pt x 325.2142pt.

LaTeX Warning: Citation `ref-goodmanbacon2021' on page 194 undefined on input line 7772.

[194] [195 <./bookdownproj_files/figure-latex/bacon-grafico-1.pdf>]

LaTeX Warning: Citation `ref-gardner2022' on page 196 undefined on input line 7792.


LaTeX Warning: Citation `ref-callawaysantanna2021' on page 196 undefined on input line 7809.

[196]
Overfull \hbox (889.99103pt too wide) in paragraph at lines 7867--7867
[]\T1/lmtt/m/n/10 ## Reference: Callaway, Brantly and Pedro H.C. Sant'Anna.  "Difference-in-Differences with Multiple Time Periods." Journal of Econometrics, Vol. 225, No. 2, pp. 200-230, 2021. <https://doi.org/10.1016/j.jeconom.2020.12.001>, <https://arxiv.org/abs/1803.09015>[] 
 []


Underfull \vbox (badness 10000) detected at line 7897
 []

[197]
<bookdownproj_files/figure-latex/cs-estimator-1.pdf, id=1663, 469.755pt x 325.215pt>
File: bookdownproj_files/figure-latex/cs-estimator-1.pdf Graphic file (type pdf)
<use bookdownproj_files/figure-latex/cs-estimator-1.pdf>
Package pdftex.def Info: bookdownproj_files/figure-latex/cs-estimator-1.pdf  used on input line 7901.
(pdftex.def)             Requested size: 469.75386pt x 325.2142pt.

LaTeX Warning: Citation `ref-sunabraham2021' on page 198 undefined on input line 7907.

[198 <./bookdownproj_files/figure-latex/cs-estimator-1.pdf>]
Underfull \vbox (badness 10000) detected at line 7987
 []

[199]
<bookdownproj_files/figure-latex/sunab-estimator-1.pdf, id=1680, 469.755pt x 325.215pt>
File: bookdownproj_files/figure-latex/sunab-estimator-1.pdf Graphic file (type pdf)
<use bookdownproj_files/figure-latex/sunab-estimator-1.pdf>
Package pdftex.def Info: bookdownproj_files/figure-latex/sunab-estimator-1.pdf  used on input line 7991.
(pdftex.def)             Requested size: 469.75386pt x 325.2142pt.

LaTeX Warning: Citation `ref-gardner2022' on page 200 undefined on input line 7997.

[200 <./bookdownproj_files/figure-latex/sunab-estimator-1.pdf>]

LaTeX Warning: Citation `ref-borusyak2024' on page 201 undefined on input line 8030.

[201]
Overfull \hbox (432.0381pt too wide) in paragraph at lines 8125--8142
 [][] 
 []

[202]

LaTeX Warning: Citation `ref-roth2022' on page 203 undefined on input line 8150.


LaTeX Warning: Citation `ref-roth2022' on page 203 undefined on input line 8152.


LaTeX Warning: Citation `ref-rambachanroth2023' on page 203 undefined on input line 8156.

[203]

LaTeX Warning: Citation `ref-bechtelhainmueller2011' on page 204 undefined on input line 8239.


LaTeX Warning: Citation `ref-bechtelhainmueller2011' on page 204 undefined on input line 8256.

[204]
Overfull \hbox (10.02795pt too wide) in paragraph at lines 8306--8319
 [][] 
 []

[205]
Overfull \vbox (0.44223pt too high) detected at line 8396
 []

[206]
Overfull \hbox (74.13322pt too wide) in paragraph at lines 8402--8415
 [][] 
 []

<bookdownproj_files/figure-latex/elbe-dynamic-plot-1.pdf, id=1730, 469.755pt x 325.215pt>
File: bookdownproj_files/figure-latex/elbe-dynamic-plot-1.pdf Graphic file (type pdf)
<use bookdownproj_files/figure-latex/elbe-dynamic-plot-1.pdf>
Package pdftex.def Info: bookdownproj_files/figure-latex/elbe-dynamic-plot-1.pdf  used on input line 8423.
(pdftex.def)             Requested size: 469.75386pt x 325.2142pt.
[207] [208 <./bookdownproj_files/figure-latex/elbe-dynamic-plot-1.pdf>]

LaTeX Warning: Citation `ref-callawaygoodmanbaconsantanna2024' on page 209 undefined on input line 8461.


LaTeX Warning: Citation `ref-hull2018' on page 209 undefined on input line 8463.


LaTeX Warning: Citation `ref-goldsmith-pinkham2024' on page 209 undefined on input line 8463.


LaTeX Warning: Citation `ref-atheyimbens2022' on page 209 undefined on input line 8467.


LaTeX Warning: Citation `ref-hull2024metrix' on page 209 undefined on input line 8467.


LaTeX Warning: Citation `ref-goldsmithpinkham2026applied' on page 209 undefined on input line 8467.

[209]

LaTeX Warning: Citation `ref-nickell1981' on page 210 undefined on input line 8481.


LaTeX Warning: Citation `ref-hull2024metrix' on page 210 undefined on input line 8514.


LaTeX Warning: Citation `ref-goldsmithpinkham2026applied' on page 210 undefined on input line 8514.

[210]

LaTeX Warning: Citation `ref-goodmanbacon2021' on page 211 undefined on input line 8546.


LaTeX Warning: Citation `ref-sunabraham2021' on page 211 undefined on input line 8546.


LaTeX Warning: Citation `ref-callawaysantanna2021' on page 211 undefined on input line 8548.


LaTeX Warning: Citation `ref-sunabraham2021' on page 211 undefined on input line 8548.


LaTeX Warning: Citation `ref-gardner2022' on page 211 undefined on input line 8548.


LaTeX Warning: Citation `ref-borusyak2024' on page 211 undefined on input line 8548.

[211] [212]
<imagens/long-wide-data-shapes.png, id=1798, 1399.2275pt x 897.3525pt>
File: imagens/long-wide-data-shapes.png Graphic file (type png)
<use imagens/long-wide-data-shapes.png>
Package pdftex.def Info: imagens/long-wide-data-shapes.png  used on input line 8606.
(pdftex.def)             Requested size: 1399.22409pt x 897.3503pt.
[213 <./imagens/long-wide-data-shapes.png>]
<bookdownproj_files/figure-latex/fe-residualizacao-diagrama-1.pdf, id=1812, 505.89pt x 115.43124pt>
File: bookdownproj_files/figure-latex/fe-residualizacao-diagrama-1.pdf Graphic file (type pdf)
<use bookdownproj_files/figure-latex/fe-residualizacao-diagrama-1.pdf>
Package pdftex.def Info: bookdownproj_files/figure-latex/fe-residualizacao-diagrama-1.pdf  used on input line 8659.
(pdftex.def)             Requested size: 505.88875pt x 115.43095pt.
[214 <./bookdownproj_files/figure-latex/fe-residualizacao-diagrama-1.pdf>] [215]
Overfull \hbox (79.56183pt too wide) in paragraph at lines 8751--8774
 [][] 
 []

[216]
<bookdownproj_files/figure-latex/dag-fe-1.pdf, id=1837, 469.755pt x 325.215pt>
File: bookdownproj_files/figure-latex/dag-fe-1.pdf Graphic file (type pdf)
<use bookdownproj_files/figure-latex/dag-fe-1.pdf>
Package pdftex.def Info: bookdownproj_files/figure-latex/dag-fe-1.pdf  used on input line 8826.
(pdftex.def)             Requested size: 469.75386pt x 325.2142pt.
[217] [218 <./bookdownproj_files/figure-latex/dag-fe-1.pdf>] [219] [220]
Overfull \hbox (549.97208pt too wide) in paragraph at lines 8960--8973
 [][] 
 []

[221] [222]
<imagens/DAG estrita exogeneidade.png, id=1883, 848.16875pt x 544.0325pt>
File: imagens/DAG estrita exogeneidade.png Graphic file (type png)
<use imagens/DAG estrita exogeneidade.png>
Package pdftex.def Info: imagens/DAG estrita exogeneidade.png  used on input line 9071.
(pdftex.def)             Requested size: 1696.17699pt x 1088.01253pt.

Overfull \hbox (1226.42197pt too wide) in paragraph at lines 9071--9071
[][] 
 []


LaTeX Warning: Float too large for page by 483.58252pt on input line 9072.

<imagens/sequential ignorability.png, id=1884, 912.40875pt x 406.51875pt>
File: imagens/sequential ignorability.png Graphic file (type png)
<use imagens/sequential ignorability.png>
Package pdftex.def Info: imagens/sequential ignorability.png  used on input line 9106.
(pdftex.def)             Requested size: 1824.81749pt x 813.0603pt.

Overfull \hbox (1355.06247pt too wide) in paragraph at lines 9106--9106
[][] 
 []


LaTeX Warning: Float too large for page by 198.57472pt on input line 9107.

[223] [224 <./imagens/DAG estrita exogeneidade.png>] [225 <./imagens/sequential ignorability.png>] [226]

LaTeX Warning: Citation `ref-bertrand2004' on page 227 undefined on input line 9206.

[227]
<imagens/identification regimes.png, id=1916, 872.25874pt x 411.5375pt>
File: imagens/identification regimes.png Graphic file (type png)
<use imagens/identification regimes.png>
Package pdftex.def Info: imagens/identification regimes.png  used on input line 9253.
(pdftex.def)             Requested size: 1744.59775pt x 823.11694pt.

Overfull \hbox (1274.84273pt too wide) in paragraph at lines 9253--9253
[][] 
 []


LaTeX Warning: Float too large for page by 208.63136pt on input line 9254.

[228] [229 <./imagens/identification regimes.png>] [230] [231]
<bookdownproj_files/figure-latex/cigarro-1.pdf, id=1963, 469.755pt x 325.215pt>
File: bookdownproj_files/figure-latex/cigarro-1.pdf Graphic file (type pdf)
<use bookdownproj_files/figure-latex/cigarro-1.pdf>
Package pdftex.def Info: bookdownproj_files/figure-latex/cigarro-1.pdf  used on input line 9418.
(pdftex.def)             Requested size: 469.75386pt x 325.2142pt.
[232] [233 <./bookdownproj_files/figure-latex/cigarro-1.pdf>]
Overfull \hbox (36.72751pt too wide) in paragraph at lines 9476--9485
 [][] 
 []

<outputs/scm_vs_regressao_prop99/figura_2_contrafactual_scm_vs_regressao.png, id=1984, 722.7pt x 433.62pt>
File: outputs/scm_vs_regressao_prop99/figura_2_contrafactual_scm_vs_regressao.png Graphic file (type png)
<use outputs/scm_vs_regressao_prop99/figura_2_contrafactual_scm_vs_regressao.png>
Package pdftex.def Info: outputs/scm_vs_regressao_prop99/figura_2_contrafactual_scm_vs_regressao.png  used on input line 9490.
(pdftex.def)             Requested size: 446.26582pt x 267.76312pt.
[234] [235 <./outputs/scm_vs_regressao_prop99/figura_2_contrafactual_scm_vs_regressao.png>] [236] [237] [238]
<bookdownproj_files/figure-latex/cigarro-tidysynth-1.pdf, id=2024, 469.755pt x 325.215pt>
File: bookdownproj_files/figure-latex/cigarro-tidysynth-1.pdf Graphic file (type pdf)
<use bookdownproj_files/figure-latex/cigarro-tidysynth-1.pdf>
Package pdftex.def Info: bookdownproj_files/figure-latex/cigarro-tidysynth-1.pdf  used on input line 9713.
(pdftex.def)             Requested size: 469.75386pt x 325.2142pt.
[239 <./bookdownproj_files/figure-latex/cigarro-tidysynth-1.pdf>]
<bookdownproj_files/figure-latex/cigarro-tidysynth-diferencas-1.pdf, id=2038, 469.755pt x 325.215pt>
File: bookdownproj_files/figure-latex/cigarro-tidysynth-diferencas-1.pdf Graphic file (type pdf)
<use bookdownproj_files/figure-latex/cigarro-tidysynth-diferencas-1.pdf>
Package pdftex.def Info: bookdownproj_files/figure-latex/cigarro-tidysynth-diferencas-1.pdf  used on input line 9729.
(pdftex.def)             Requested size: 469.75386pt x 325.2142pt.
<bookdownproj_files/figure-latex/cigarro-tidysynth-pesos-1.pdf, id=2039, 469.755pt x 325.215pt>
File: bookdownproj_files/figure-latex/cigarro-tidysynth-pesos-1.pdf Graphic file (type pdf)
<use bookdownproj_files/figure-latex/cigarro-tidysynth-pesos-1.pdf>
Package pdftex.def Info: bookdownproj_files/figure-latex/cigarro-tidysynth-pesos-1.pdf  used on input line 9743.
(pdftex.def)             Requested size: 469.75386pt x 325.2142pt.
<bookdownproj_files/figure-latex/cigarro-tidysynth-placebos-1.pdf, id=2040, 469.755pt x 325.215pt>
File: bookdownproj_files/figure-latex/cigarro-tidysynth-placebos-1.pdf Graphic file (type pdf)
<use bookdownproj_files/figure-latex/cigarro-tidysynth-placebos-1.pdf>
Package pdftex.def Info: bookdownproj_files/figure-latex/cigarro-tidysynth-placebos-1.pdf  used on input line 9794.
(pdftex.def)             Requested size: 469.75386pt x 325.2142pt.
[240 <./bookdownproj_files/figure-latex/cigarro-tidysynth-diferencas-1.pdf>] [241 <./bookdownproj_files/figure-latex/cigarro-tidysynth-pesos-1.pdf>] [242 <./bookdownproj_files/figure-latex/cigarro-tidysynth-placebos-1.pdf>] [243] [244] [245] [246]
<bookdownproj_files/figure-latex/fect-dinamico-1.pdf, id=2116, 722.7pt x 289.08pt>
File: bookdownproj_files/figure-latex/fect-dinamico-1.pdf Graphic file (type pdf)
<use bookdownproj_files/figure-latex/fect-dinamico-1.pdf>
Package pdftex.def Info: bookdownproj_files/figure-latex/fect-dinamico-1.pdf  used on input line 10047.
(pdftex.def)             Requested size: 722.69823pt x 289.07928pt.
<bookdownproj_files/figure-latex/fect-dinamico-2.pdf, id=2117, 722.7pt x 289.08pt>
File: bookdownproj_files/figure-latex/fect-dinamico-2.pdf Graphic file (type pdf)
<use bookdownproj_files/figure-latex/fect-dinamico-2.pdf>
Package pdftex.def Info: bookdownproj_files/figure-latex/fect-dinamico-2.pdf  used on input line 10059.
(pdftex.def)             Requested size: 722.69823pt x 289.07928pt.
<bookdownproj_files/figure-latex/fect-dinamico-3.pdf, id=2118, 722.7pt x 289.08pt>
File: bookdownproj_files/figure-latex/fect-dinamico-3.pdf Graphic file (type pdf)
<use bookdownproj_files/figure-latex/fect-dinamico-3.pdf>
Package pdftex.def Info: bookdownproj_files/figure-latex/fect-dinamico-3.pdf  used on input line 10071.
(pdftex.def)             Requested size: 722.69823pt x 289.07928pt.
[247] [248 <./bookdownproj_files/figure-latex/fect-dinamico-1.pdf> <./bookdownproj_files/figure-latex/fect-dinamico-2.pdf>] [249 <./bookdownproj_files/figure-latex/fect-dinamico-3.pdf>]
<bookdownproj_files/figure-latex/fect-placebo-1.pdf, id=2170, 578.16pt x 361.35pt>
File: bookdownproj_files/figure-latex/fect-placebo-1.pdf Graphic file (type pdf)
<use bookdownproj_files/figure-latex/fect-placebo-1.pdf>
Package pdftex.def Info: bookdownproj_files/figure-latex/fect-placebo-1.pdf  used on input line 10122.
(pdftex.def)             Requested size: 578.15858pt x 361.34912pt.
[250 <./bookdownproj_files/figure-latex/fect-placebo-1.pdf>] [251]
<bookdownproj_files/figure-latex/did1-1.pdf, id=2193, 469.755pt x 325.215pt>
File: bookdownproj_files/figure-latex/did1-1.pdf Graphic file (type pdf)
<use bookdownproj_files/figure-latex/did1-1.pdf>
Package pdftex.def Info: bookdownproj_files/figure-latex/did1-1.pdf  used on input line 10232.
(pdftex.def)             Requested size: 469.75386pt x 325.2142pt.
[252] [253 <./bookdownproj_files/figure-latex/did1-1.pdf>]
<bookdownproj_files/figure-latex/sdid1-1.pdf, id=2210, 469.755pt x 325.215pt>
File: bookdownproj_files/figure-latex/sdid1-1.pdf Graphic file (type pdf)
<use bookdownproj_files/figure-latex/sdid1-1.pdf>
Package pdftex.def Info: bookdownproj_files/figure-latex/sdid1-1.pdf  used on input line 10309.
(pdftex.def)             Requested size: 469.75386pt x 325.2142pt.
<bookdownproj_files/figure-latex/sdid2-1.pdf, id=2211, 469.755pt x 325.215pt>
File: bookdownproj_files/figure-latex/sdid2-1.pdf Graphic file (type pdf)
<use bookdownproj_files/figure-latex/sdid2-1.pdf>
Package pdftex.def Info: bookdownproj_files/figure-latex/sdid2-1.pdf  used on input line 10323.
(pdftex.def)             Requested size: 469.75386pt x 325.2142pt.
[254] [255 <./bookdownproj_files/figure-latex/sdid1-1.pdf>] [256 <./bookdownproj_files/figure-latex/sdid2-1.pdf>]
Overfull \hbox (138.59438pt too wide) in paragraph at lines 10401--10420
 [][] 
 []

[257] [258] [259] [260] [261]
<bookdownproj_files/figure-latex/cap13-sim2-1.pdf, id=2298, 469.755pt x 325.215pt>
File: bookdownproj_files/figure-latex/cap13-sim2-1.pdf Graphic file (type pdf)
<use bookdownproj_files/figure-latex/cap13-sim2-1.pdf>
Package pdftex.def Info: bookdownproj_files/figure-latex/cap13-sim2-1.pdf  used on input line 10681.
(pdftex.def)             Requested size: 469.75386pt x 325.2142pt.
[262]
<bookdownproj_files/figure-latex/cap13-sim2-2.pdf, id=2303, 469.755pt x 325.215pt>
File: bookdownproj_files/figure-latex/cap13-sim2-2.pdf Graphic file (type pdf)
<use bookdownproj_files/figure-latex/cap13-sim2-2.pdf>
Package pdftex.def Info: bookdownproj_files/figure-latex/cap13-sim2-2.pdf  used on input line 10689.
(pdftex.def)             Requested size: 469.75386pt x 325.2142pt.
[263 <./bookdownproj_files/figure-latex/cap13-sim2-1.pdf>] [264 <./bookdownproj_files/figure-latex/cap13-sim2-2.pdf>]
<bookdownproj_files/figure-latex/cap13-sim3-1.pdf, id=2324, 469.755pt x 325.215pt>
File: bookdownproj_files/figure-latex/cap13-sim3-1.pdf Graphic file (type pdf)
<use bookdownproj_files/figure-latex/cap13-sim3-1.pdf>
Package pdftex.def Info: bookdownproj_files/figure-latex/cap13-sim3-1.pdf  used on input line 10764.
(pdftex.def)             Requested size: 469.75386pt x 325.2142pt.
[265 <./bookdownproj_files/figure-latex/cap13-sim3-1.pdf>]
<bookdownproj_files/figure-latex/cap-13-hdm-1.pdf, id=2338, 469.755pt x 325.215pt>
File: bookdownproj_files/figure-latex/cap-13-hdm-1.pdf Graphic file (type pdf)
<use bookdownproj_files/figure-latex/cap-13-hdm-1.pdf>
Package pdftex.def Info: bookdownproj_files/figure-latex/cap-13-hdm-1.pdf  used on input line 10813.
(pdftex.def)             Requested size: 469.75386pt x 325.2142pt.
[266 <./bookdownproj_files/figure-latex/cap-13-hdm-1.pdf>] [267] [268] [269] [270]

! LaTeX Error: Unicode character λ (U+03BB)
               not set up for use with LaTeX.

See the LaTeX manual or LaTeX Companion for explanation.
Type  H <return>  for immediate help.
 ...                                              
                                                  
l.11031 ...ção: Definição de penalização (λ
                                                  ) e folds para cross-valid...
You may provide a definition with
\DeclareUnicodeCharacter 

 
Here is how much of TeX's memory you used:
 15337 strings out of 469494
 263118 string characters out of 5467435
 860348 words of memory out of 5000000
 42827 multiletter control sequences out of 15000+600000
 710136 words of font info for 98 fonts, out of 8000000 for 9000
 16 hyphenation exceptions out of 8191
 83i,24n,93p,1563b,644s stack positions out of 10000i,1000n,20000p,200000b,200000s
!  ==> Fatal error occurred, no output PDF file produced!
